{
  "stats": {
    "suites": 4,
    "tests": 6,
    "passes": 0,
    "pending": 0,
    "failures": 6,
    "start": "2026-01-13T08:45:03.274Z",
    "end": "2026-01-13T08:45:04.918Z",
    "duration": 1644,
    "testsRegistered": 6,
    "passPercent": 0,
    "pendingPercent": 0,
    "other": 0,
    "hasOther": false,
    "skipped": 0,
    "hasSkipped": false
  },
  "results": [
    {
      "uuid": "cf0e0c2b-b0e6-494b-96d4-0896d9a401f8",
      "title": "",
      "fullFile": "cypress\\e2e\\pay-security.cy.js",
      "file": "cypress\\e2e\\pay-security.cy.js",
      "beforeHooks": [],
      "afterHooks": [],
      "tests": [],
      "suites": [
        {
          "uuid": "89252096-5a54-4da8-ade0-f5d8d4fddad6",
          "title": "Payment API - Security and Injection Tests",
          "fullFile": "",
          "file": "",
          "beforeHooks": [],
          "afterHooks": [],
          "tests": [],
          "suites": [
            {
              "uuid": "5cd71988-c15d-4e1f-a510-8c01619fcc04",
              "title": "Invalid orderId values",
              "fullFile": "",
              "file": "",
              "beforeHooks": [],
              "afterHooks": [],
              "tests": [
                {
                  "title": "should reject SQL-like injection",
                  "fullTitle": "Payment API - Security and Injection Tests Invalid orderId values should reject SQL-like injection",
                  "timedOut": null,
                  "duration": 238,
                  "state": "failed",
                  "speed": null,
                  "pass": false,
                  "fail": true,
                  "pending": false,
                  "context": null,
                  "code": "cy.request({\n  method: 'POST',\n  url: endpoint,\n  body: {\n    orderId: \"' OR 1=1 --\",\n    amount: 100\n  },\n  failOnStatusCode: false\n}).then(res => {\n  expect(res.status).to.eq(400);\n  expect(res.body.status).to.eq('FAILED');\n  expect(res.body).to.have.property('error', 'Invalid orderId');\n});",
                  "err": {
                    "message": "AssertionError: expected 405 to equal 400",
                    "estack": "AssertionError: expected 405 to equal 400\n    at Context.eval (webpack://smart-order-qa-platform/./cypress/e2e/pay-security.cy.js:12:38)",
                    "diff": "- 405\n+ 400\n"
                  },
                  "uuid": "e7efac31-42b4-42e0-8e7c-09bf7c1dfedc",
                  "parentUUID": "5cd71988-c15d-4e1f-a510-8c01619fcc04",
                  "isHook": false,
                  "skipped": false
                },
                {
                  "title": "should reject Unicode injection",
                  "fullTitle": "Payment API - Security and Injection Tests Invalid orderId values should reject Unicode injection",
                  "timedOut": null,
                  "duration": 192,
                  "state": "failed",
                  "speed": null,
                  "pass": false,
                  "fail": true,
                  "pending": false,
                  "context": null,
                  "code": "cy.request({\n  method: 'POST',\n  url: endpoint,\n  body: {\n    orderId: '💣💥🔥',\n    amount: 100\n  },\n  failOnStatusCode: false\n}).then(res => {\n  expect(res.status).to.eq(400);\n  expect(res.body.status).to.eq('FAILED');\n  expect(res.body).to.have.property('error', 'Invalid orderId');\n});",
                  "err": {
                    "message": "AssertionError: expected 405 to equal 400",
                    "estack": "AssertionError: expected 405 to equal 400\n    at Context.eval (webpack://smart-order-qa-platform/./cypress/e2e/pay-security.cy.js:25:38)",
                    "diff": "- 405\n+ 400\n"
                  },
                  "uuid": "b3d7fd3e-2c13-4b33-b85a-071dee650e2f",
                  "parentUUID": "5cd71988-c15d-4e1f-a510-8c01619fcc04",
                  "isHook": false,
                  "skipped": false
                },
                {
                  "title": "should reject excessive whitespace",
                  "fullTitle": "Payment API - Security and Injection Tests Invalid orderId values should reject excessive whitespace",
                  "timedOut": null,
                  "duration": 186,
                  "state": "failed",
                  "speed": null,
                  "pass": false,
                  "fail": true,
                  "pending": false,
                  "context": null,
                  "code": "cy.request({\n  method: 'POST',\n  url: endpoint,\n  body: {\n    orderId: ' '.repeat(500),\n    amount: 100\n  },\n  failOnStatusCode: false\n}).then(res => {\n  expect(res.status).to.eq(400);\n  expect(res.body.status).to.eq('FAILED');\n  expect(res.body).to.have.property('error', 'Invalid orderId');\n});",
                  "err": {
                    "message": "AssertionError: expected 405 to equal 400",
                    "estack": "AssertionError: expected 405 to equal 400\n    at Context.eval (webpack://smart-order-qa-platform/./cypress/e2e/pay-security.cy.js:38:38)",
                    "diff": "- 405\n+ 400\n"
                  },
                  "uuid": "fc7cec44-2dac-414a-b333-2759ff7f990a",
                  "parentUUID": "5cd71988-c15d-4e1f-a510-8c01619fcc04",
                  "isHook": false,
                  "skipped": false
                }
              ],
              "suites": [],
              "passes": [],
              "failures": [
                "e7efac31-42b4-42e0-8e7c-09bf7c1dfedc",
                "b3d7fd3e-2c13-4b33-b85a-071dee650e2f",
                "fc7cec44-2dac-414a-b333-2759ff7f990a"
              ],
              "pending": [],
              "skipped": [],
              "duration": 616,
              "root": false,
              "rootEmpty": false,
              "_timeout": 2000
            },
            {
              "uuid": "4902309e-2792-42ba-93cf-ffa17506755f",
              "title": "Invalid amount values",
              "fullFile": "",
              "file": "",
              "beforeHooks": [],
              "afterHooks": [],
              "tests": [
                {
                  "title": "should reject script injection in amount",
                  "fullTitle": "Payment API - Security and Injection Tests Invalid amount values should reject script injection in amount",
                  "timedOut": null,
                  "duration": 172,
                  "state": "failed",
                  "speed": null,
                  "pass": false,
                  "fail": true,
                  "pending": false,
                  "context": null,
                  "code": "cy.request({\n  method: 'POST',\n  url: endpoint,\n  body: {\n    orderId: 'o_12345',\n    amount: \"<script>100</script>\"\n  },\n  failOnStatusCode: false\n}).then(res => {\n  expect(res.status).to.eq(400);\n  expect(res.body.status).to.eq('FAILED');\n  expect(res.body).to.have.property('error', 'Invalid amount');\n});",
                  "err": {
                    "message": "AssertionError: expected 405 to equal 400",
                    "estack": "AssertionError: expected 405 to equal 400\n    at Context.eval (webpack://smart-order-qa-platform/./cypress/e2e/pay-security.cy.js:53:38)",
                    "diff": "- 405\n+ 400\n"
                  },
                  "uuid": "cd1c391c-9aa7-41ae-b488-ed61de2bc62f",
                  "parentUUID": "4902309e-2792-42ba-93cf-ffa17506755f",
                  "isHook": false,
                  "skipped": false
                },
                {
                  "title": "should reject excessively large amount",
                  "fullTitle": "Payment API - Security and Injection Tests Invalid amount values should reject excessively large amount",
                  "timedOut": null,
                  "duration": 224,
                  "state": "failed",
                  "speed": null,
                  "pass": false,
                  "fail": true,
                  "pending": false,
                  "context": null,
                  "code": "cy.request({\n  method: 'POST',\n  url: endpoint,\n  body: {\n    orderId: 'o_12345',\n    amount: 1e12\n  },\n  failOnStatusCode: false\n}).then(res => {\n  expect(res.status).to.eq(400);\n  expect(res.body.status).to.eq('FAILED');\n  expect(res.body).to.have.property('error', 'Invalid amount');\n});",
                  "err": {
                    "message": "AssertionError: expected 405 to equal 400",
                    "estack": "AssertionError: expected 405 to equal 400\n    at Context.eval (webpack://smart-order-qa-platform/./cypress/e2e/pay-security.cy.js:66:38)",
                    "diff": "- 405\n+ 400\n"
                  },
                  "uuid": "4fc7d4f0-feac-4ed0-99b3-46f4b2f15379",
                  "parentUUID": "4902309e-2792-42ba-93cf-ffa17506755f",
                  "isHook": false,
                  "skipped": false
                }
              ],
              "suites": [],
              "passes": [],
              "failures": [
                "cd1c391c-9aa7-41ae-b488-ed61de2bc62f",
                "4fc7d4f0-feac-4ed0-99b3-46f4b2f15379"
              ],
              "pending": [],
              "skipped": [],
              "duration": 396,
              "root": false,
              "rootEmpty": false,
              "_timeout": 2000
            },
            {
              "uuid": "2e19bdf7-aed8-4311-a6b0-4867e6fbb924",
              "title": "Combined malformed payloads",
              "fullFile": "",
              "file": "",
              "beforeHooks": [],
              "afterHooks": [],
              "tests": [
                {
                  "title": "should reject mixed invalid orderId and amount",
                  "fullTitle": "Payment API - Security and Injection Tests Combined malformed payloads should reject mixed invalid orderId and amount",
                  "timedOut": null,
                  "duration": 329,
                  "state": "failed",
                  "speed": null,
                  "pass": false,
                  "fail": true,
                  "pending": false,
                  "context": null,
                  "code": "cy.request({\n  method: 'POST',\n  url: endpoint,\n  body: {\n    orderId: '<script>alert(1)</script>',\n    amount: 'NaN'\n  },\n  failOnStatusCode: false\n}).then(res => {\n  expect(res.status).to.eq(400);\n  expect(res.body.status).to.eq('FAILED');\n});",
                  "err": {
                    "message": "AssertionError: expected 405 to equal 400",
                    "estack": "AssertionError: expected 405 to equal 400\n    at Context.eval (webpack://smart-order-qa-platform/./cypress/e2e/pay-security.cy.js:81:38)",
                    "diff": "- 405\n+ 400\n"
                  },
                  "uuid": "413546b8-a381-4463-8539-d5c8eb58eb5d",
                  "parentUUID": "2e19bdf7-aed8-4311-a6b0-4867e6fbb924",
                  "isHook": false,
                  "skipped": false
                }
              ],
              "suites": [],
              "passes": [],
              "failures": [
                "413546b8-a381-4463-8539-d5c8eb58eb5d"
              ],
              "pending": [],
              "skipped": [],
              "duration": 329,
              "root": false,
              "rootEmpty": false,
              "_timeout": 2000
            }
          ],
          "passes": [],
          "failures": [],
          "pending": [],
          "skipped": [],
          "duration": 0,
          "root": false,
          "rootEmpty": false,
          "_timeout": 2000
        }
      ],
      "passes": [],
      "failures": [],
      "pending": [],
      "skipped": [],
      "duration": 0,
      "root": true,
      "rootEmpty": true,
      "_timeout": 2000
    }
  ],
  "meta": {
    "mocha": {
      "version": "7.0.1"
    },
    "mochawesome": {
      "options": {
        "quiet": false,
        "reportFilename": "mochawesome",
        "saveHtml": true,
        "saveJson": true,
        "consoleReporter": "spec",
        "useInlineDiffs": false,
        "code": true
      },
      "version": "7.1.4"
    },
    "marge": {
      "options": {
        "reportDir": "mochawesome-report",
        "overwrite": false,
        "html": true,
        "json": true
      },
      "version": "6.3.0"
    }
  }
}