{
  "stats": {
    "suites": 4,
    "tests": 6,
    "passes": 6,
    "pending": 0,
    "failures": 0,
    "start": "2026-01-13T10:02:38.583Z",
    "end": "2026-01-13T10:02:38.889Z",
    "duration": 306,
    "testsRegistered": 6,
    "passPercent": 100,
    "pendingPercent": 0,
    "other": 0,
    "hasOther": false,
    "skipped": 0,
    "hasSkipped": false
  },
  "results": [
    {
      "uuid": "97df46fb-48c8-4d95-a2b5-979049a81318",
      "title": "",
      "fullFile": "cypress\\e2e\\pay-security.cy.js",
      "file": "cypress\\e2e\\pay-security.cy.js",
      "beforeHooks": [],
      "afterHooks": [],
      "tests": [],
      "suites": [
        {
          "uuid": "f63cdc49-0de0-4841-98e2-35d83e1ce909",
          "title": "Payment API - Security and Injection Tests",
          "fullFile": "",
          "file": "",
          "beforeHooks": [],
          "afterHooks": [],
          "tests": [],
          "suites": [
            {
              "uuid": "ff9bfd7a-4f84-4cb1-b3ad-1dbf89f09ede",
              "title": "Invalid orderId values",
              "fullFile": "",
              "file": "",
              "beforeHooks": [],
              "afterHooks": [],
              "tests": [
                {
                  "title": "should reject SQL-like injection",
                  "fullTitle": "Payment API - Security and Injection Tests Invalid orderId values should reject SQL-like injection",
                  "timedOut": null,
                  "duration": 46,
                  "state": "passed",
                  "speed": "fast",
                  "pass": true,
                  "fail": false,
                  "pending": false,
                  "context": null,
                  "code": "cy.request({\n  method: 'POST',\n  url: endpoint,\n  body: {\n    orderId: \"' OR 1=1 --\",\n    amount: 100\n  },\n  failOnStatusCode: false\n}).then(res => {\n  expect(res.status).to.eq(400);\n  expect(res.body.status).to.eq('FAILED');\n  expect(res.body).to.have.property('error', 'Invalid orderId');\n});",
                  "err": {},
                  "uuid": "41c7239b-a6cb-4455-b60f-c8fb15354a74",
                  "parentUUID": "ff9bfd7a-4f84-4cb1-b3ad-1dbf89f09ede",
                  "isHook": false,
                  "skipped": false
                },
                {
                  "title": "should reject Unicode injection",
                  "fullTitle": "Payment API - Security and Injection Tests Invalid orderId values should reject Unicode injection",
                  "timedOut": null,
                  "duration": 33,
                  "state": "passed",
                  "speed": "fast",
                  "pass": true,
                  "fail": false,
                  "pending": false,
                  "context": null,
                  "code": "cy.request({\n  method: 'POST',\n  url: endpoint,\n  body: {\n    orderId: '💣💥🔥',\n    amount: 100\n  },\n  failOnStatusCode: false\n}).then(res => {\n  expect(res.status).to.eq(400);\n  expect(res.body.status).to.eq('FAILED');\n  expect(res.body).to.have.property('error', 'Invalid orderId');\n});",
                  "err": {},
                  "uuid": "935fd036-ff67-4bf5-9f3a-5d5837b0d622",
                  "parentUUID": "ff9bfd7a-4f84-4cb1-b3ad-1dbf89f09ede",
                  "isHook": false,
                  "skipped": false
                },
                {
                  "title": "should reject excessive whitespace",
                  "fullTitle": "Payment API - Security and Injection Tests Invalid orderId values should reject excessive whitespace",
                  "timedOut": null,
                  "duration": 26,
                  "state": "passed",
                  "speed": "fast",
                  "pass": true,
                  "fail": false,
                  "pending": false,
                  "context": null,
                  "code": "cy.request({\n  method: 'POST',\n  url: endpoint,\n  body: {\n    orderId: ' '.repeat(500),\n    amount: 100\n  },\n  failOnStatusCode: false\n}).then(res => {\n  expect(res.status).to.eq(400);\n  expect(res.body.status).to.eq('FAILED');\n  expect(res.body).to.have.property('error', 'Invalid orderId');\n});",
                  "err": {},
                  "uuid": "9ca1670a-ad42-490e-bd95-a4dbf93c1a43",
                  "parentUUID": "ff9bfd7a-4f84-4cb1-b3ad-1dbf89f09ede",
                  "isHook": false,
                  "skipped": false
                }
              ],
              "suites": [],
              "passes": [
                "41c7239b-a6cb-4455-b60f-c8fb15354a74",
                "935fd036-ff67-4bf5-9f3a-5d5837b0d622",
                "9ca1670a-ad42-490e-bd95-a4dbf93c1a43"
              ],
              "failures": [],
              "pending": [],
              "skipped": [],
              "duration": 105,
              "root": false,
              "rootEmpty": false,
              "_timeout": 2000
            },
            {
              "uuid": "cd47245a-f70e-4c8d-9b4c-bcdf8a009000",
              "title": "Invalid amount values",
              "fullFile": "",
              "file": "",
              "beforeHooks": [],
              "afterHooks": [],
              "tests": [
                {
                  "title": "should reject script injection in amount",
                  "fullTitle": "Payment API - Security and Injection Tests Invalid amount values should reject script injection in amount",
                  "timedOut": null,
                  "duration": 26,
                  "state": "passed",
                  "speed": "fast",
                  "pass": true,
                  "fail": false,
                  "pending": false,
                  "context": null,
                  "code": "cy.request({\n  method: 'POST',\n  url: endpoint,\n  body: {\n    orderId: 'o_12345',\n    amount: \"<script>100</script>\"\n  },\n  failOnStatusCode: false\n}).then(res => {\n  expect(res.status).to.eq(400);\n  expect(res.body.status).to.eq('FAILED');\n  expect(res.body).to.have.property('error', 'Invalid amount');\n});",
                  "err": {},
                  "uuid": "e7f8d043-eeb7-446b-b7ad-c9680c8b4d10",
                  "parentUUID": "cd47245a-f70e-4c8d-9b4c-bcdf8a009000",
                  "isHook": false,
                  "skipped": false
                },
                {
                  "title": "should reject excessively large amount",
                  "fullTitle": "Payment API - Security and Injection Tests Invalid amount values should reject excessively large amount",
                  "timedOut": null,
                  "duration": 27,
                  "state": "passed",
                  "speed": "fast",
                  "pass": true,
                  "fail": false,
                  "pending": false,
                  "context": null,
                  "code": "cy.request({\n  method: 'POST',\n  url: endpoint,\n  body: {\n    orderId: 'o_12345',\n    amount: 1e12\n  },\n  failOnStatusCode: false\n}).then(res => {\n  expect(res.status).to.eq(400);\n  expect(res.body.status).to.eq('FAILED');\n  expect(res.body).to.have.property('error', 'Invalid amount');\n});",
                  "err": {},
                  "uuid": "a52d2c1e-adda-4b20-b43d-4130ab741d0b",
                  "parentUUID": "cd47245a-f70e-4c8d-9b4c-bcdf8a009000",
                  "isHook": false,
                  "skipped": false
                }
              ],
              "suites": [],
              "passes": [
                "e7f8d043-eeb7-446b-b7ad-c9680c8b4d10",
                "a52d2c1e-adda-4b20-b43d-4130ab741d0b"
              ],
              "failures": [],
              "pending": [],
              "skipped": [],
              "duration": 53,
              "root": false,
              "rootEmpty": false,
              "_timeout": 2000
            },
            {
              "uuid": "59492004-0d3b-4abd-8c5c-e0f030f5cf8d",
              "title": "Combined malformed payloads",
              "fullFile": "",
              "file": "",
              "beforeHooks": [],
              "afterHooks": [],
              "tests": [
                {
                  "title": "should reject mixed invalid orderId and amount",
                  "fullTitle": "Payment API - Security and Injection Tests Combined malformed payloads should reject mixed invalid orderId and amount",
                  "timedOut": null,
                  "duration": 24,
                  "state": "passed",
                  "speed": "fast",
                  "pass": true,
                  "fail": false,
                  "pending": false,
                  "context": null,
                  "code": "cy.request({\n  method: 'POST',\n  url: endpoint,\n  body: {\n    orderId: '<script>alert(1)</script>',\n    amount: 'NaN'\n  },\n  failOnStatusCode: false\n}).then(res => {\n  expect(res.status).to.eq(400);\n  expect(res.body.status).to.eq('FAILED');\n});",
                  "err": {},
                  "uuid": "77f8cd6c-d686-4208-ae86-862f11763ba3",
                  "parentUUID": "59492004-0d3b-4abd-8c5c-e0f030f5cf8d",
                  "isHook": false,
                  "skipped": false
                }
              ],
              "suites": [],
              "passes": [
                "77f8cd6c-d686-4208-ae86-862f11763ba3"
              ],
              "failures": [],
              "pending": [],
              "skipped": [],
              "duration": 24,
              "root": false,
              "rootEmpty": false,
              "_timeout": 2000
            }
          ],
          "passes": [],
          "failures": [],
          "pending": [],
          "skipped": [],
          "duration": 0,
          "root": false,
          "rootEmpty": false,
          "_timeout": 2000
        }
      ],
      "passes": [],
      "failures": [],
      "pending": [],
      "skipped": [],
      "duration": 0,
      "root": true,
      "rootEmpty": true,
      "_timeout": 2000
    }
  ],
  "meta": {
    "mocha": {
      "version": "7.0.1"
    },
    "mochawesome": {
      "options": {
        "quiet": false,
        "reportFilename": "mochawesome",
        "saveHtml": true,
        "saveJson": true,
        "consoleReporter": "spec",
        "useInlineDiffs": false,
        "code": true
      },
      "version": "7.1.4"
    },
    "marge": {
      "options": {
        "reportDir": "mochawesome-report",
        "overwrite": false,
        "html": true,
        "json": true
      },
      "version": "6.3.0"
    }
  }
}