{
  "stats": {
    "suites": 1,
    "tests": 6,
    "passes": 6,
    "pending": 0,
    "failures": 0,
    "start": "2026-01-14T06:16:55.545Z",
    "end": "2026-01-14T06:17:00.874Z",
    "duration": 5329,
    "testsRegistered": 6,
    "passPercent": 100,
    "pendingPercent": 0,
    "other": 0,
    "hasOther": false,
    "skipped": 0,
    "hasSkipped": false
  },
  "results": [
    {
      "uuid": "a4818af2-11fe-4ed8-8ed6-646d77110054",
      "title": "",
      "fullFile": "cypress\\e2e\\pay-advanced.cy.js",
      "file": "cypress\\e2e\\pay-advanced.cy.js",
      "beforeHooks": [],
      "afterHooks": [],
      "tests": [],
      "suites": [
        {
          "uuid": "3f3a85a1-db5a-4b2b-aa63-5af1675c73cc",
          "title": "Payment API - Advanced Scenarios",
          "fullFile": "",
          "file": "",
          "beforeHooks": [],
          "afterHooks": [],
          "tests": [
            {
              "title": "should prevent duplicate payment for the same order",
              "fullTitle": "Payment API - Advanced Scenarios should prevent duplicate payment for the same order",
              "timedOut": null,
              "duration": 108,
              "state": "passed",
              "speed": "fast",
              "pass": true,
              "fail": false,
              "pending": false,
              "context": null,
              "code": "const payload = {\n  orderId: 'o_adv_001',\n  amount: 100\n};\ncy.request({\n  method: 'POST',\n  url: endpoint,\n  body: payload,\n  failOnStatusCode: false\n}).then(res1 => {\n  expect(res1.status).to.eq(200);\n  expect(res1.body.status).to.eq('SUCCESS');\n  // تلاش مجدد برای همان سفارش (تست جلوگیری از تکرار)\n  cy.request({\n    method: 'POST',\n    url: endpoint,\n    body: payload,\n    failOnStatusCode: false\n  }).then(res2 => {\n    expect(res2.status).to.eq(409);\n    expect(res2.body.status).to.eq('FAILED');\n    expect(res2.body.error).to.eq('Duplicate payment');\n  });\n});",
              "err": {},
              "uuid": "1d685342-8a9e-42b1-9041-a35a67c8e972",
              "parentUUID": "3f3a85a1-db5a-4b2b-aa63-5af1675c73cc",
              "isHook": false,
              "skipped": false
            },
            {
              "title": "should fail if amount does not match order total",
              "fullTitle": "Payment API - Advanced Scenarios should fail if amount does not match order total",
              "timedOut": null,
              "duration": 22,
              "state": "passed",
              "speed": "fast",
              "pass": true,
              "fail": false,
              "pending": false,
              "context": null,
              "code": "const payload = {\n  orderId: 'o_12345',\n  amount: 999\n};\ncy.request({\n  method: 'POST',\n  url: endpoint,\n  body: payload,\n  failOnStatusCode: false\n}).then(res => {\n  expect(res.status).to.eq(400);\n  expect(res.body.status).to.eq('FAILED');\n  expect(res.body.error).to.eq('Amount mismatch');\n});",
              "err": {},
              "uuid": "94aa0908-a156-44ed-8b4d-f4615daf9f9b",
              "parentUUID": "3f3a85a1-db5a-4b2b-aa63-5af1675c73cc",
              "isHook": false,
              "skipped": false
            },
            {
              "title": "should handle delayed response from order-service",
              "fullTitle": "Payment API - Advanced Scenarios should handle delayed response from order-service",
              "timedOut": null,
              "duration": 5042,
              "state": "passed",
              "speed": "medium",
              "pass": true,
              "fail": false,
              "pending": false,
              "context": null,
              "code": "const payload = {\n  orderId: 'o_slow',\n  amount: 100\n};\ncy.request({\n  method: 'POST',\n  url: endpoint,\n  body: payload,\n  timeout: 10000,\n  failOnStatusCode: false\n}).then(res => {\n  expect(res.status).to.eq(200);\n  expect(res.body.status).to.eq('SUCCESS');\n});",
              "err": {},
              "uuid": "e89d4476-83ca-4dc1-9bf7-f50335520157",
              "parentUUID": "3f3a85a1-db5a-4b2b-aa63-5af1675c73cc",
              "isHook": false,
              "skipped": false
            },
            {
              "title": "should fail if order-service is unreachable or order is missing",
              "fullTitle": "Payment API - Advanced Scenarios should fail if order-service is unreachable or order is missing",
              "timedOut": null,
              "duration": 23,
              "state": "passed",
              "speed": "fast",
              "pass": true,
              "fail": false,
              "pending": false,
              "context": null,
              "code": "const payload = {\n  orderId: 'o_broken',\n  amount: 100\n};\ncy.request({\n  method: 'POST',\n  url: endpoint,\n  body: payload,\n  failOnStatusCode: false\n}).then(res => {\n  expect(res.status).to.eq(404);\n  expect(res.body.status).to.eq('FAILED');\n  expect(res.body.error).to.eq('Order not found');\n});",
              "err": {},
              "uuid": "9b83e188-7366-4d0b-b3b6-2d7ea780cdac",
              "parentUUID": "3f3a85a1-db5a-4b2b-aa63-5af1675c73cc",
              "isHook": false,
              "skipped": false
            },
            {
              "title": "should fail if orderId contains script injection",
              "fullTitle": "Payment API - Advanced Scenarios should fail if orderId contains script injection",
              "timedOut": null,
              "duration": 18,
              "state": "passed",
              "speed": "fast",
              "pass": true,
              "fail": false,
              "pending": false,
              "context": null,
              "code": "const payload = {\n  orderId: '<script>alert(1)</script>',\n  amount: 100\n};\ncy.request({\n  method: 'POST',\n  url: endpoint,\n  body: payload,\n  failOnStatusCode: false\n}).then(res => {\n  expect(res.status).to.eq(400);\n  expect(res.body.status).to.eq('FAILED');\n});",
              "err": {},
              "uuid": "1ac4ef1f-1e64-448e-87cd-6ace82b6d725",
              "parentUUID": "3f3a85a1-db5a-4b2b-aa63-5af1675c73cc",
              "isHook": false,
              "skipped": false
            },
            {
              "title": "should fail if orderId is null",
              "fullTitle": "Payment API - Advanced Scenarios should fail if orderId is null",
              "timedOut": null,
              "duration": 18,
              "state": "passed",
              "speed": "fast",
              "pass": true,
              "fail": false,
              "pending": false,
              "context": null,
              "code": "const payload = {\n  orderId: null,\n  amount: 100\n};\ncy.request({\n  method: 'POST',\n  url: endpoint,\n  body: payload,\n  failOnStatusCode: false\n}).then(res => {\n  expect(res.status).to.eq(400);\n  expect(res.body.status).to.eq('FAILED');\n});",
              "err": {},
              "uuid": "eacc3eda-939a-4538-b5cf-b17bebcf06de",
              "parentUUID": "3f3a85a1-db5a-4b2b-aa63-5af1675c73cc",
              "isHook": false,
              "skipped": false
            }
          ],
          "suites": [],
          "passes": [
            "1d685342-8a9e-42b1-9041-a35a67c8e972",
            "94aa0908-a156-44ed-8b4d-f4615daf9f9b",
            "e89d4476-83ca-4dc1-9bf7-f50335520157",
            "9b83e188-7366-4d0b-b3b6-2d7ea780cdac",
            "1ac4ef1f-1e64-448e-87cd-6ace82b6d725",
            "eacc3eda-939a-4538-b5cf-b17bebcf06de"
          ],
          "failures": [],
          "pending": [],
          "skipped": [],
          "duration": 5231,
          "root": false,
          "rootEmpty": false,
          "_timeout": 2000
        }
      ],
      "passes": [],
      "failures": [],
      "pending": [],
      "skipped": [],
      "duration": 0,
      "root": true,
      "rootEmpty": true,
      "_timeout": 2000
    }
  ],
  "meta": {
    "mocha": {
      "version": "7.0.1"
    },
    "mochawesome": {
      "options": {
        "quiet": false,
        "reportFilename": "mochawesome",
        "saveHtml": true,
        "saveJson": true,
        "consoleReporter": "spec",
        "useInlineDiffs": false,
        "code": true
      },
      "version": "7.1.4"
    },
    "marge": {
      "options": {
        "reportDir": "mochawesome-report",
        "overwrite": false,
        "html": true,
        "json": true
      },
      "version": "6.3.0"
    }
  }
}