{
  "stats": {
    "suites": 1,
    "tests": 1,
    "passes": 0,
    "pending": 0,
    "failures": 1,
    "start": "2026-01-13T08:40:11.389Z",
    "end": "2026-01-13T08:40:15.726Z",
    "duration": 4337,
    "testsRegistered": 1,
    "passPercent": 0,
    "pendingPercent": 0,
    "other": 0,
    "hasOther": false,
    "skipped": 0,
    "hasSkipped": false
  },
  "results": [
    {
      "uuid": "e35c8054-ac5a-439e-a21c-58a493fc0c59",
      "title": "",
      "fullFile": "cypress\\e2e\\pay.cy.js",
      "file": "cypress\\e2e\\pay.cy.js",
      "beforeHooks": [],
      "afterHooks": [],
      "tests": [],
      "suites": [
        {
          "uuid": "49a194b0-6129-497a-8491-4ea6c6a68dbe",
          "title": "Payment Flow with POM",
          "fullFile": "",
          "file": "",
          "beforeHooks": [],
          "afterHooks": [],
          "tests": [
            {
              "title": "should process a valid payment",
              "fullTitle": "Payment Flow with POM should process a valid payment",
              "timedOut": null,
              "duration": 4251,
              "state": "failed",
              "speed": null,
              "pass": false,
              "fail": true,
              "pending": false,
              "context": null,
              "code": "_PaymentPage.paymentPage.submitPayment('o_12345', '100');\n_PaymentPage.paymentPage.verifySuccess();",
              "err": {
                "message": "AssertionError: Timed out retrying after 4000ms: Expected to find element: `#orderid`, but never found it.",
                "estack": "AssertionError: Timed out retrying after 4000ms: Expected to find element: `#orderid`, but never found it.\n    at get orderIdInput [as orderIdInput] (webpack://smart-order-qa-platform/./cypress/support/pages/PaymentPage.js:4:33)\n    at PaymentPage.submitPayment (webpack://smart-order-qa-platform/./cypress/support/pages/PaymentPage.js:14:22)\n    at Context.eval (webpack://smart-order-qa-platform/./cypress/e2e/pay.cy.js:9:16)",
                "diff": null
              },
              "uuid": "8b6b1237-b212-4a28-97cd-d361191ee613",
              "parentUUID": "49a194b0-6129-497a-8491-4ea6c6a68dbe",
              "isHook": false,
              "skipped": false
            }
          ],
          "suites": [],
          "passes": [],
          "failures": [
            "8b6b1237-b212-4a28-97cd-d361191ee613"
          ],
          "pending": [],
          "skipped": [],
          "duration": 4251,
          "root": false,
          "rootEmpty": false,
          "_timeout": 2000
        }
      ],
      "passes": [],
      "failures": [],
      "pending": [],
      "skipped": [],
      "duration": 0,
      "root": true,
      "rootEmpty": true,
      "_timeout": 2000
    }
  ],
  "meta": {
    "mocha": {
      "version": "7.0.1"
    },
    "mochawesome": {
      "options": {
        "quiet": false,
        "reportFilename": "mochawesome",
        "saveHtml": true,
        "saveJson": true,
        "consoleReporter": "spec",
        "useInlineDiffs": false,
        "code": true
      },
      "version": "7.1.4"
    },
    "marge": {
      "options": {
        "reportDir": "mochawesome-report",
        "overwrite": false,
        "html": true,
        "json": true
      },
      "version": "6.3.0"
    }
  }
}