{
  "stats": {
    "suites": 1,
    "tests": 1,
    "passes": 0,
    "pending": 0,
    "failures": 1,
    "start": "2026-01-13T08:45:00.454Z",
    "end": "2026-01-13T08:45:00.807Z",
    "duration": 353,
    "testsRegistered": 8,
    "passPercent": 0,
    "pendingPercent": 0,
    "other": 0,
    "hasOther": false,
    "skipped": 7,
    "hasSkipped": true
  },
  "results": [
    {
      "uuid": "774f9759-a04f-45a9-9e61-206277eec052",
      "title": "",
      "fullFile": "cypress\\e2e\\pay-advanced.cy.js",
      "file": "cypress\\e2e\\pay-advanced.cy.js",
      "beforeHooks": [],
      "afterHooks": [],
      "tests": [],
      "suites": [
        {
          "uuid": "a820540d-c855-4dc6-a8e0-6f906bea8504",
          "title": "Payment API - Advanced Scenarios",
          "fullFile": "",
          "file": "",
          "beforeHooks": [],
          "afterHooks": [],
          "tests": [
            {
              "title": "should prevent duplicate payment for the same order",
              "fullTitle": "Payment API - Advanced Scenarios should prevent duplicate payment for the same order",
              "timedOut": null,
              "duration": 290,
              "state": "failed",
              "speed": null,
              "pass": false,
              "fail": true,
              "pending": false,
              "context": null,
              "code": "const payload = {\n  orderId: 'o_adv_001',\n  amount: 100\n};\ncy.request({\n  method: 'POST',\n  url: endpoint,\n  body: payload,\n  failOnStatusCode: false\n}).then(res1 => {\n  expect(res1.status).to.eq(200);\n  expect(res1.body.status).to.eq('SUCCESS');\n  cy.request({\n    method: 'POST',\n    url: endpoint,\n    body: payload,\n    failOnStatusCode: false\n  }).then(res2 => {\n    expect(res2.status).to.eq(409);\n    expect(res2.body.status).to.eq('FAILED');\n    expect(res2.body.error).to.eq('Duplicate payment');\n  });\n});",
              "err": {
                "message": "CypressError: `cy.request()` failed on:\n\nhttp://localhost:8080/api/reset-payments\n\nThe response we received from your web server was:\n\n  > 405: Method Not Allowed\n\nThis was considered a failure because the status code was not `2xx` or `3xx`.\n\nIf you do not want status codes to cause failures pass the option: `failOnStatusCode: false`\n\n-----------------------------------------------------------\n\nThe request we sent was:\n\nMethod: POST\nURL: http://localhost:8080/api/reset-payments\nHeaders: {\n  \"Connection\": \"keep-alive\",\n  \"user-agent\": \"Mozilla/5.0 (Windows NT 10.0; Win64; x64) AppleWebKit/537.36 (KHTML, like Gecko) Cypress/13.17.0 Chrome/118.0.5993.159 Electron/27.3.10 Safari/537.36\",\n  \"accept\": \"*/*\",\n  \"accept-encoding\": \"gzip, deflate\",\n  \"content-length\": 0\n}\n\n-----------------------------------------------------------\n\nThe response we got was:\n\nStatus: 405 - Method Not Allowed\nHeaders: {\n  \"accept-ranges\": \"bytes\",\n  \"date\": \"Tue, 13 Jan 2026 08:45:00 GMT\",\n  \"connection\": \"keep-alive\",\n  \"keep-alive\": \"timeout=5\",\n  \"content-length\": \"0\"\n}\nBody: \n\n\nhttps://on.cypress.io/request\n\nBecause this error occurred during a `before all` hook we are skipping the remaining tests in the current suite: `Payment API - Advanced Scen...`",
                "estack": "CypressError: `cy.request()` failed on:\n\nhttp://localhost:8080/api/reset-payments\n\nThe response we received from your web server was:\n\n  > 405: Method Not Allowed\n\nThis was considered a failure because the status code was not `2xx` or `3xx`.\n\nIf you do not want status codes to cause failures pass the option: `failOnStatusCode: false`\n\n-----------------------------------------------------------\n\nThe request we sent was:\n\nMethod: POST\nURL: http://localhost:8080/api/reset-payments\nHeaders: {\n  \"Connection\": \"keep-alive\",\n  \"user-agent\": \"Mozilla/5.0 (Windows NT 10.0; Win64; x64) AppleWebKit/537.36 (KHTML, like Gecko) Cypress/13.17.0 Chrome/118.0.5993.159 Electron/27.3.10 Safari/537.36\",\n  \"accept\": \"*/*\",\n  \"accept-encoding\": \"gzip, deflate\",\n  \"content-length\": 0\n}\n\n-----------------------------------------------------------\n\nThe response we got was:\n\nStatus: 405 - Method Not Allowed\nHeaders: {\n  \"accept-ranges\": \"bytes\",\n  \"date\": \"Tue, 13 Jan 2026 08:45:00 GMT\",\n  \"connection\": \"keep-alive\",\n  \"keep-alive\": \"timeout=5\",\n  \"content-length\": \"0\"\n}\nBody: \n\n\nhttps://on.cypress.io/request\n\nBecause this error occurred during a `before all` hook we are skipping the remaining tests in the current suite: `Payment API - Advanced Scen...`\n    at <unknown> (http://localhost:8080/__cypress/runner/cypress_runner.js:132876:72)\n    at tryCatcher (http://localhost:8080/__cypress/runner/cypress_runner.js:1830:23)\n    at Promise._settlePromiseFromHandler (http://localhost:8080/__cypress/runner/cypress_runner.js:1542:31)\n    at Promise._settlePromise (http://localhost:8080/__cypress/runner/cypress_runner.js:1599:18)\n    at Promise._settlePromise0 (http://localhost:8080/__cypress/runner/cypress_runner.js:1644:10)\n    at Promise._settlePromises (http://localhost:8080/__cypress/runner/cypress_runner.js:1724:18)\n    at _drainQueueStep (http://localhost:8080/__cypress/runner/cypress_runner.js:2430:12)\n    at _drainQueue (http://localhost:8080/__cypress/runner/cypress_runner.js:2423:9)\n    at Async._drainQueues (http://localhost:8080/__cypress/runner/cypress_runner.js:2439:5)\n    at Async.drainQueues (http://localhost:8080/__cypress/runner/cypress_runner.js:2309:14)\nFrom Your Spec Code:\n    at Context.eval (webpack://smart-order-qa-platform/./cypress/e2e/pay-advanced.cy.js:5:11)",
                "diff": null
              },
              "uuid": "ea21bba9-ee1e-40c1-86a9-9e829b0df123",
              "parentUUID": "a820540d-c855-4dc6-a8e0-6f906bea8504",
              "isHook": false,
              "skipped": false
            },
            {
              "title": "should fail if amount does not match order total",
              "fullTitle": "Payment API - Advanced Scenarios should fail if amount does not match order total",
              "timedOut": null,
              "duration": 0,
              "state": "skipped",
              "speed": null,
              "pass": false,
              "fail": false,
              "pending": false,
              "context": null,
              "code": "const payload = {\n  orderId: 'o_12345',\n  amount: 999\n};\ncy.request({\n  method: 'POST',\n  url: endpoint,\n  body: payload,\n  failOnStatusCode: false\n}).then(res => {\n  expect(res.status).to.eq(400);\n  expect(res.body.status).to.eq('FAILED');\n  expect(res.body.error).to.eq('Amount mismatch');\n});",
              "err": {},
              "uuid": "6be67efd-be6f-4bd0-9d8c-2813b9e5cded",
              "parentUUID": "a820540d-c855-4dc6-a8e0-6f906bea8504",
              "isHook": false,
              "skipped": true
            },
            {
              "title": "should handle delayed response from order-service",
              "fullTitle": "Payment API - Advanced Scenarios should handle delayed response from order-service",
              "timedOut": null,
              "duration": 0,
              "state": "skipped",
              "speed": null,
              "pass": false,
              "fail": false,
              "pending": false,
              "context": null,
              "code": "const payload = {\n  orderId: 'o_slow',\n  amount: 100\n};\ncy.request({\n  method: 'POST',\n  url: endpoint,\n  body: payload,\n  timeout: 10000,\n  failOnStatusCode: false\n}).then(res => {\n  expect(res.status).to.eq(200);\n  expect(res.body.status).to.eq('SUCCESS');\n});",
              "err": {},
              "uuid": "45c7e5c9-fea0-43d4-8318-4cfc7d4797a5",
              "parentUUID": "a820540d-c855-4dc6-a8e0-6f906bea8504",
              "isHook": false,
              "skipped": true
            },
            {
              "title": "should fail if order-service is unreachable or order is missing",
              "fullTitle": "Payment API - Advanced Scenarios should fail if order-service is unreachable or order is missing",
              "timedOut": null,
              "duration": 0,
              "state": "skipped",
              "speed": null,
              "pass": false,
              "fail": false,
              "pending": false,
              "context": null,
              "code": "const payload = {\n  orderId: 'o_broken',\n  amount: 100\n};\ncy.request({\n  method: 'POST',\n  url: endpoint,\n  body: payload,\n  failOnStatusCode: false\n}).then(res => {\n  expect(res.status).to.eq(404);\n  expect(res.body.status).to.eq('FAILED');\n  expect(res.body.error).to.eq('Order not found');\n});",
              "err": {},
              "uuid": "95f8208f-3453-48dc-aa67-663a6531172c",
              "parentUUID": "a820540d-c855-4dc6-a8e0-6f906bea8504",
              "isHook": false,
              "skipped": true
            },
            {
              "title": "should fail if orderId contains script injection",
              "fullTitle": "Payment API - Advanced Scenarios should fail if orderId contains script injection",
              "timedOut": null,
              "duration": 0,
              "state": "skipped",
              "speed": null,
              "pass": false,
              "fail": false,
              "pending": false,
              "context": null,
              "code": "const payload = {\n  orderId: '<script>alert(1)</script>',\n  amount: 100\n};\ncy.request({\n  method: 'POST',\n  url: endpoint,\n  body: payload,\n  failOnStatusCode: false\n}).then(res => {\n  expect(res.status).to.eq(400);\n  expect(res.body.status).to.eq('FAILED');\n});",
              "err": {},
              "uuid": "e4484ee7-d6cd-4d2a-a786-e59a196cf4d3",
              "parentUUID": "a820540d-c855-4dc6-a8e0-6f906bea8504",
              "isHook": false,
              "skipped": true
            },
            {
              "title": "should fail if amount contains script injection",
              "fullTitle": "Payment API - Advanced Scenarios should fail if amount contains script injection",
              "timedOut": null,
              "duration": 0,
              "state": "skipped",
              "speed": null,
              "pass": false,
              "fail": false,
              "pending": false,
              "context": null,
              "code": "const payload = {\n  orderId: 'o_12345',\n  amount: \"<script>100</script>\"\n};\ncy.request({\n  method: 'POST',\n  url: endpoint,\n  body: payload,\n  failOnStatusCode: false\n}).then(res => {\n  expect(res.status).to.eq(400);\n  expect(res.body.status).to.eq('FAILED');\n});",
              "err": {},
              "uuid": "a773a2a7-b669-4457-9fc2-aa211b23ea0b",
              "parentUUID": "a820540d-c855-4dc6-a8e0-6f906bea8504",
              "isHook": false,
              "skipped": true
            },
            {
              "title": "should fail if orderId is null",
              "fullTitle": "Payment API - Advanced Scenarios should fail if orderId is null",
              "timedOut": null,
              "duration": 0,
              "state": "skipped",
              "speed": null,
              "pass": false,
              "fail": false,
              "pending": false,
              "context": null,
              "code": "const payload = {\n  orderId: null,\n  amount: 100\n};\ncy.request({\n  method: 'POST',\n  url: endpoint,\n  body: payload,\n  failOnStatusCode: false\n}).then(res => {\n  expect(res.status).to.eq(400);\n  expect(res.body.status).to.eq('FAILED');\n  expect(res.body.error).to.eq('Missing orderId');\n});",
              "err": {},
              "uuid": "72df5efb-9f23-488b-a6a2-d631d8ad1a75",
              "parentUUID": "a820540d-c855-4dc6-a8e0-6f906bea8504",
              "isHook": false,
              "skipped": true
            },
            {
              "title": "should fail if amount is extremely large",
              "fullTitle": "Payment API - Advanced Scenarios should fail if amount is extremely large",
              "timedOut": null,
              "duration": 0,
              "state": "skipped",
              "speed": null,
              "pass": false,
              "fail": false,
              "pending": false,
              "context": null,
              "code": "const payload = {\n  orderId: 'o_12345',\n  amount: 999999999999999999999\n};\ncy.request({\n  method: 'POST',\n  url: endpoint,\n  body: payload,\n  failOnStatusCode: false\n}).then(res => {\n  expect(res.status).to.eq(400);\n  expect(res.body.status).to.eq('FAILED');\n});",
              "err": {},
              "uuid": "646650e5-6a9b-4cfd-8eef-5c61226dad28",
              "parentUUID": "a820540d-c855-4dc6-a8e0-6f906bea8504",
              "isHook": false,
              "skipped": true
            }
          ],
          "suites": [],
          "passes": [],
          "failures": [
            "ea21bba9-ee1e-40c1-86a9-9e829b0df123"
          ],
          "pending": [],
          "skipped": [
            "6be67efd-be6f-4bd0-9d8c-2813b9e5cded",
            "45c7e5c9-fea0-43d4-8318-4cfc7d4797a5",
            "95f8208f-3453-48dc-aa67-663a6531172c",
            "e4484ee7-d6cd-4d2a-a786-e59a196cf4d3",
            "a773a2a7-b669-4457-9fc2-aa211b23ea0b",
            "72df5efb-9f23-488b-a6a2-d631d8ad1a75",
            "646650e5-6a9b-4cfd-8eef-5c61226dad28"
          ],
          "duration": 290,
          "root": false,
          "rootEmpty": false,
          "_timeout": 2000
        }
      ],
      "passes": [],
      "failures": [],
      "pending": [],
      "skipped": [],
      "duration": 0,
      "root": true,
      "rootEmpty": true,
      "_timeout": 2000
    }
  ],
  "meta": {
    "mocha": {
      "version": "7.0.1"
    },
    "mochawesome": {
      "options": {
        "quiet": false,
        "reportFilename": "mochawesome",
        "saveHtml": true,
        "saveJson": true,
        "consoleReporter": "spec",
        "useInlineDiffs": false,
        "code": true
      },
      "version": "7.1.4"
    },
    "marge": {
      "options": {
        "reportDir": "mochawesome-report",
        "overwrite": false,
        "html": true,
        "json": true
      },
      "version": "6.3.0"
    }
  }
}