{
  "stats": {
    "suites": 1,
    "tests": 3,
    "passes": 3,
    "pending": 0,
    "failures": 0,
    "start": "2026-01-13T08:45:06.789Z",
    "end": "2026-01-13T08:45:10.593Z",
    "duration": 3804,
    "testsRegistered": 3,
    "passPercent": 100,
    "pendingPercent": 0,
    "other": 0,
    "hasOther": false,
    "skipped": 0,
    "hasSkipped": false
  },
  "results": [
    {
      "uuid": "0b13178f-e96c-4719-8ba2-541dfb72258c",
      "title": "",
      "fullFile": "cypress\\e2e\\pay-ui.cy.js",
      "file": "cypress\\e2e\\pay-ui.cy.js",
      "beforeHooks": [],
      "afterHooks": [],
      "tests": [],
      "suites": [
        {
          "uuid": "775435b1-038c-405c-91ed-93cb3888ac3f",
          "title": "Payment Form UI Test",
          "fullFile": "",
          "file": "",
          "beforeHooks": [],
          "afterHooks": [],
          "tests": [
            {
              "title": "should submit valid payment and show success message",
              "fullTitle": "Payment Form UI Test should submit valid payment and show success message",
              "timedOut": null,
              "duration": 1571,
              "state": "passed",
              "speed": "fast",
              "pass": true,
              "fail": false,
              "pending": false,
              "context": null,
              "code": "cy.get('#orderId').type('o_12345');\ncy.get('#amount').type('100');\ncy.get('button[type=\"submit\"]').click();\ncy.get('#result', {\n  timeout: 5000\n}).should('contain.text', 'SUCCESS');\ncy.screenshot('valid-payment-success');",
              "err": {},
              "uuid": "4b700f3e-09cf-44a0-b1ae-da16937bd520",
              "parentUUID": "775435b1-038c-405c-91ed-93cb3888ac3f",
              "isHook": false,
              "skipped": false
            },
            {
              "title": "should show error for invalid orderId",
              "fullTitle": "Payment Form UI Test should show error for invalid orderId",
              "timedOut": null,
              "duration": 1077,
              "state": "passed",
              "speed": "fast",
              "pass": true,
              "fail": false,
              "pending": false,
              "context": null,
              "code": "cy.get('#orderId').type('💣💥🔥');\ncy.get('#amount').type('100');\ncy.get('button[type=\"submit\"]').click();\ncy.get('#result', {\n  timeout: 5000\n}).should('contain.text', 'FAILED');\ncy.screenshot('invalid-orderId-error');",
              "err": {},
              "uuid": "fe19ca3c-060b-4142-ae3a-e66f1a23a325",
              "parentUUID": "775435b1-038c-405c-91ed-93cb3888ac3f",
              "isHook": false,
              "skipped": false
            },
            {
              "title": "should show error for amount mismatch",
              "fullTitle": "Payment Form UI Test should show error for amount mismatch",
              "timedOut": null,
              "duration": 1038,
              "state": "passed",
              "speed": "fast",
              "pass": true,
              "fail": false,
              "pending": false,
              "context": null,
              "code": "cy.get('#orderId').type('o_12345');\ncy.get('#amount').type('999');\ncy.get('button[type=\"submit\"]').click();\ncy.get('#result', {\n  timeout: 5000\n}).should('contain.text', 'FAILED');\ncy.screenshot('amount-mismatch-error');",
              "err": {},
              "uuid": "076d6ddf-f15d-4a4d-990d-b07f53aa2087",
              "parentUUID": "775435b1-038c-405c-91ed-93cb3888ac3f",
              "isHook": false,
              "skipped": false
            }
          ],
          "suites": [],
          "passes": [
            "4b700f3e-09cf-44a0-b1ae-da16937bd520",
            "fe19ca3c-060b-4142-ae3a-e66f1a23a325",
            "076d6ddf-f15d-4a4d-990d-b07f53aa2087"
          ],
          "failures": [],
          "pending": [],
          "skipped": [],
          "duration": 3686,
          "root": false,
          "rootEmpty": false,
          "_timeout": 2000
        }
      ],
      "passes": [],
      "failures": [],
      "pending": [],
      "skipped": [],
      "duration": 0,
      "root": true,
      "rootEmpty": true,
      "_timeout": 2000
    }
  ],
  "meta": {
    "mocha": {
      "version": "7.0.1"
    },
    "mochawesome": {
      "options": {
        "quiet": false,
        "reportFilename": "mochawesome",
        "saveHtml": true,
        "saveJson": true,
        "consoleReporter": "spec",
        "useInlineDiffs": false,
        "code": true
      },
      "version": "7.1.4"
    },
    "marge": {
      "options": {
        "reportDir": "mochawesome-report",
        "overwrite": false,
        "html": true,
        "json": true
      },
      "version": "6.3.0"
    }
  }
}