{
  "stats": {
    "suites": 3,
    "tests": 4,
    "passes": 4,
    "pending": 0,
    "failures": 0,
    "start": "2026-01-13T11:07:39.469Z",
    "end": "2026-01-13T11:07:39.907Z",
    "duration": 438,
    "testsRegistered": 4,
    "passPercent": 100,
    "pendingPercent": 0,
    "other": 0,
    "hasOther": false,
    "skipped": 0,
    "hasSkipped": false
  },
  "results": [
    {
      "uuid": "fff4af31-e1c2-4a42-abde-f7c8a5bd7874",
      "title": "",
      "fullFile": "cypress\\e2e\\pay.cy.js",
      "file": "cypress\\e2e\\pay.cy.js",
      "beforeHooks": [],
      "afterHooks": [],
      "tests": [],
      "suites": [
        {
          "uuid": "bbf01253-7f02-4c40-97bb-391869646888",
          "title": "🧾 Payment API - Functional Tests",
          "fullFile": "",
          "file": "",
          "beforeHooks": [],
          "afterHooks": [],
          "tests": [],
          "suites": [
            {
              "uuid": "f838d01f-b58b-4f85-a770-061a3f524a58",
              "title": " Valid Payment Flow",
              "fullFile": "",
              "file": "",
              "beforeHooks": [],
              "afterHooks": [],
              "tests": [
                {
                  "title": "should process a valid payment request",
                  "fullTitle": "🧾 Payment API - Functional Tests  Valid Payment Flow should process a valid payment request",
                  "timedOut": null,
                  "duration": 269,
                  "state": "passed",
                  "speed": "fast",
                  "pass": true,
                  "fail": false,
                  "pending": false,
                  "context": null,
                  "code": "const payload = {\n  orderId: 'o_12345',\n  amount: 100\n};\ncy.request({\n  method: 'POST',\n  url: endpoint,\n  body: payload\n}).then(res => {\n  expect(res.status).to.eq(200);\n  expect(res.body).to.have.property('status', 'SUCCESS');\n  expect(res.body).to.have.property('message');\n  expect(res.body.message).to.eq('Payment processed');\n});",
                  "err": {},
                  "uuid": "f451c79a-119d-42f3-bbe5-a2a08abdc38b",
                  "parentUUID": "f838d01f-b58b-4f85-a770-061a3f524a58",
                  "isHook": false,
                  "skipped": false
                }
              ],
              "suites": [],
              "passes": [
                "f451c79a-119d-42f3-bbe5-a2a08abdc38b"
              ],
              "failures": [],
              "pending": [],
              "skipped": [],
              "duration": 269,
              "root": false,
              "rootEmpty": false,
              "_timeout": 2000
            },
            {
              "uuid": "8a335882-13c9-4404-a037-f8ddc7aaf33e",
              "title": " Invalid Payment Scenarios",
              "fullFile": "",
              "file": "",
              "beforeHooks": [],
              "afterHooks": [],
              "tests": [
                {
                  "title": "should fail when orderId is missing",
                  "fullTitle": "🧾 Payment API - Functional Tests  Invalid Payment Scenarios should fail when orderId is missing",
                  "timedOut": null,
                  "duration": 23,
                  "state": "passed",
                  "speed": "fast",
                  "pass": true,
                  "fail": false,
                  "pending": false,
                  "context": null,
                  "code": "const payload = {\n  amount: 100\n};\ncy.request({\n  method: 'POST',\n  url: endpoint,\n  body: payload,\n  failOnStatusCode: false\n}).then(res => {\n  expect(res.status).to.eq(400);\n  expect(res.body).to.have.property('error');\n  expect(res.body.error).to.eq('Missing orderId');\n});",
                  "err": {},
                  "uuid": "8fbb5e89-1260-4611-bc7f-4b6a2b8bf588",
                  "parentUUID": "8a335882-13c9-4404-a037-f8ddc7aaf33e",
                  "isHook": false,
                  "skipped": false
                },
                {
                  "title": "should fail when amount is negative",
                  "fullTitle": "🧾 Payment API - Functional Tests  Invalid Payment Scenarios should fail when amount is negative",
                  "timedOut": null,
                  "duration": 19,
                  "state": "passed",
                  "speed": "fast",
                  "pass": true,
                  "fail": false,
                  "pending": false,
                  "context": null,
                  "code": "const payload = {\n  orderId: 'o_12345',\n  amount: -50\n};\ncy.request({\n  method: 'POST',\n  url: endpoint,\n  body: payload,\n  failOnStatusCode: false\n}).then(res => {\n  expect(res.status).to.eq(400);\n  expect(res.body).to.have.property('error');\n  expect(res.body.error).to.eq('Invalid amount');\n});",
                  "err": {},
                  "uuid": "7e2ccc53-30a1-4f69-b9b5-6ae4fd4223c1",
                  "parentUUID": "8a335882-13c9-4404-a037-f8ddc7aaf33e",
                  "isHook": false,
                  "skipped": false
                },
                {
                  "title": "should fail when orderId does not exist in order-service",
                  "fullTitle": "🧾 Payment API - Functional Tests  Invalid Payment Scenarios should fail when orderId does not exist in order-service",
                  "timedOut": null,
                  "duration": 30,
                  "state": "passed",
                  "speed": "fast",
                  "pass": true,
                  "fail": false,
                  "pending": false,
                  "context": null,
                  "code": "const payload = {\n  orderId: 'o_fake_999',\n  amount: 100\n};\ncy.request({\n  method: 'POST',\n  url: endpoint,\n  body: payload,\n  failOnStatusCode: false\n}).then(res => {\n  expect(res.status).to.eq(404);\n  expect(res.body).to.have.property('error');\n  expect(res.body.error).to.eq('Order not found');\n});",
                  "err": {},
                  "uuid": "cb92d671-8a1d-45b3-9f03-74c642f3ca43",
                  "parentUUID": "8a335882-13c9-4404-a037-f8ddc7aaf33e",
                  "isHook": false,
                  "skipped": false
                }
              ],
              "suites": [],
              "passes": [
                "8fbb5e89-1260-4611-bc7f-4b6a2b8bf588",
                "7e2ccc53-30a1-4f69-b9b5-6ae4fd4223c1",
                "cb92d671-8a1d-45b3-9f03-74c642f3ca43"
              ],
              "failures": [],
              "pending": [],
              "skipped": [],
              "duration": 72,
              "root": false,
              "rootEmpty": false,
              "_timeout": 2000
            }
          ],
          "passes": [],
          "failures": [],
          "pending": [],
          "skipped": [],
          "duration": 0,
          "root": false,
          "rootEmpty": false,
          "_timeout": 2000
        }
      ],
      "passes": [],
      "failures": [],
      "pending": [],
      "skipped": [],
      "duration": 0,
      "root": true,
      "rootEmpty": true,
      "_timeout": 2000
    }
  ],
  "meta": {
    "mocha": {
      "version": "7.0.1"
    },
    "mochawesome": {
      "options": {
        "quiet": false,
        "reportFilename": "mochawesome",
        "saveHtml": true,
        "saveJson": true,
        "consoleReporter": "spec",
        "useInlineDiffs": false,
        "code": true
      },
      "version": "7.1.4"
    },
    "marge": {
      "options": {
        "reportDir": "mochawesome-report",
        "overwrite": false,
        "html": true,
        "json": true
      },
      "version": "6.3.0"
    }
  }
}