{
  "stats": {
    "suites": 1,
    "tests": 3,
    "passes": 3,
    "pending": 0,
    "failures": 0,
    "start": "2025-10-28T08:58:14.991Z",
    "end": "2025-10-28T08:58:20.089Z",
    "duration": 5098,
    "testsRegistered": 3,
    "passPercent": 100,
    "pendingPercent": 0,
    "other": 0,
    "hasOther": false,
    "skipped": 0,
    "hasSkipped": false
  },
  "results": [
    {
      "uuid": "e083fdc4-b92a-418b-a3ad-1cd11c002de2",
      "title": "",
      "fullFile": "cypress\\e2e\\pay-ui.cy.js",
      "file": "cypress\\e2e\\pay-ui.cy.js",
      "beforeHooks": [],
      "afterHooks": [],
      "tests": [],
      "suites": [
        {
          "uuid": "b3947b24-8def-4378-9b98-89f784308250",
          "title": "Payment Form UI Test",
          "fullFile": "",
          "file": "",
          "beforeHooks": [],
          "afterHooks": [],
          "tests": [
            {
              "title": "should submit valid payment and show success message",
              "fullTitle": "Payment Form UI Test should submit valid payment and show success message",
              "timedOut": null,
              "duration": 1270,
              "state": "passed",
              "speed": "fast",
              "pass": true,
              "fail": false,
              "pending": false,
              "context": null,
              "code": "cy.get('#orderId').type('o_12345');\ncy.get('#amount').type('100');\ncy.get('button[type=\"submit\"]').click();\ncy.get('#result', {\n  timeout: 5000\n}).should('contain.text', 'SUCCESS');\ncy.screenshot('valid-payment-success');",
              "err": {},
              "uuid": "c6aef814-808e-4a0d-ae91-6601df003953",
              "parentUUID": "b3947b24-8def-4378-9b98-89f784308250",
              "isHook": false,
              "skipped": false
            },
            {
              "title": "should show error for invalid orderId",
              "fullTitle": "Payment Form UI Test should show error for invalid orderId",
              "timedOut": null,
              "duration": 905,
              "state": "passed",
              "speed": "fast",
              "pass": true,
              "fail": false,
              "pending": false,
              "context": null,
              "code": "cy.get('#orderId').type('💣💥🔥');\ncy.get('#amount').type('100');\ncy.get('button[type=\"submit\"]').click();\ncy.get('#result', {\n  timeout: 5000\n}).should('contain.text', 'FAILED');\ncy.screenshot('invalid-orderId-error');",
              "err": {},
              "uuid": "d4d01b41-a060-4e64-863c-79bd59d73c9e",
              "parentUUID": "b3947b24-8def-4378-9b98-89f784308250",
              "isHook": false,
              "skipped": false
            },
            {
              "title": "should show error for amount mismatch",
              "fullTitle": "Payment Form UI Test should show error for amount mismatch",
              "timedOut": null,
              "duration": 823,
              "state": "passed",
              "speed": "fast",
              "pass": true,
              "fail": false,
              "pending": false,
              "context": null,
              "code": "cy.get('#orderId').type('o_12345');\ncy.get('#amount').type('999');\ncy.get('button[type=\"submit\"]').click();\ncy.get('#result', {\n  timeout: 5000\n}).should('contain.text', 'FAILED');\ncy.screenshot('amount-mismatch-error');",
              "err": {},
              "uuid": "a44dbf7d-467d-4635-9485-9b791b47e93a",
              "parentUUID": "b3947b24-8def-4378-9b98-89f784308250",
              "isHook": false,
              "skipped": false
            }
          ],
          "suites": [],
          "passes": [
            "c6aef814-808e-4a0d-ae91-6601df003953",
            "d4d01b41-a060-4e64-863c-79bd59d73c9e",
            "a44dbf7d-467d-4635-9485-9b791b47e93a"
          ],
          "failures": [],
          "pending": [],
          "skipped": [],
          "duration": 2998,
          "root": false,
          "rootEmpty": false,
          "_timeout": 2000
        }
      ],
      "passes": [],
      "failures": [],
      "pending": [],
      "skipped": [],
      "duration": 0,
      "root": true,
      "rootEmpty": true,
      "_timeout": 2000
    }
  ],
  "meta": {
    "mocha": {
      "version": "7.2.0"
    },
    "mochawesome": {
      "options": {
        "quiet": false,
        "reportFilename": "mochawesome",
        "saveHtml": true,
        "saveJson": true,
        "consoleReporter": "spec",
        "useInlineDiffs": false,
        "code": true
      },
      "version": "7.1.4"
    },
    "marge": {
      "options": {
        "reportDir": "mochawesome-report",
        "overwrite": false,
        "html": true,
        "json": true
      },
      "version": "6.3.0"
    }
  }
}