{
  "stats": {
    "suites": 1,
    "tests": 8,
    "passes": 8,
    "pending": 0,
    "failures": 0,
    "start": "2025-10-28T06:00:15.341Z",
    "end": "2025-10-28T06:00:20.764Z",
    "duration": 5423,
    "testsRegistered": 8,
    "passPercent": 100,
    "pendingPercent": 0,
    "other": 0,
    "hasOther": false,
    "skipped": 0,
    "hasSkipped": false
  },
  "results": [
    {
      "uuid": "dbc703b7-d491-4ecf-9bf6-eb698f9edf2e",
      "title": "",
      "fullFile": "cypress\\e2e\\pay-advanced.cy.js",
      "file": "cypress\\e2e\\pay-advanced.cy.js",
      "beforeHooks": [],
      "afterHooks": [],
      "tests": [],
      "suites": [
        {
          "uuid": "92090489-06b4-4449-87e8-6e5456a43f5b",
          "title": "Payment API - Advanced Scenarios",
          "fullFile": "",
          "file": "",
          "beforeHooks": [],
          "afterHooks": [],
          "tests": [
            {
              "title": "should prevent duplicate payment for the same order",
              "fullTitle": "Payment API - Advanced Scenarios should prevent duplicate payment for the same order",
              "timedOut": null,
              "duration": 138,
              "state": "passed",
              "speed": "fast",
              "pass": true,
              "fail": false,
              "pending": false,
              "context": null,
              "code": "const payload = {\n  orderId: 'o_adv_001',\n  amount: 100\n};\ncy.request({\n  method: 'POST',\n  url: endpoint,\n  body: payload,\n  failOnStatusCode: false\n}).then(res1 => {\n  expect(res1.status).to.eq(200);\n  expect(res1.body.status).to.eq('SUCCESS');\n  cy.request({\n    method: 'POST',\n    url: endpoint,\n    body: payload,\n    failOnStatusCode: false\n  }).then(res2 => {\n    expect(res2.status).to.eq(409);\n    expect(res2.body.status).to.eq('FAILED');\n    expect(res2.body.error).to.eq('Duplicate payment');\n  });\n});",
              "err": {},
              "uuid": "d52ce71a-bb5d-42ac-99ff-4073538c0b2a",
              "parentUUID": "92090489-06b4-4449-87e8-6e5456a43f5b",
              "isHook": false,
              "skipped": false
            },
            {
              "title": "should fail if amount does not match order total",
              "fullTitle": "Payment API - Advanced Scenarios should fail if amount does not match order total",
              "timedOut": null,
              "duration": 29,
              "state": "passed",
              "speed": "fast",
              "pass": true,
              "fail": false,
              "pending": false,
              "context": null,
              "code": "const payload = {\n  orderId: 'o_12345',\n  amount: 999\n};\ncy.request({\n  method: 'POST',\n  url: endpoint,\n  body: payload,\n  failOnStatusCode: false\n}).then(res => {\n  expect(res.status).to.eq(400);\n  expect(res.body.status).to.eq('FAILED');\n  expect(res.body.error).to.eq('Amount mismatch');\n});",
              "err": {},
              "uuid": "fcc25079-48d5-4c15-b9ff-73911985cb8a",
              "parentUUID": "92090489-06b4-4449-87e8-6e5456a43f5b",
              "isHook": false,
              "skipped": false
            },
            {
              "title": "should handle delayed response from order-service",
              "fullTitle": "Payment API - Advanced Scenarios should handle delayed response from order-service",
              "timedOut": null,
              "duration": 5050,
              "state": "passed",
              "speed": "medium",
              "pass": true,
              "fail": false,
              "pending": false,
              "context": null,
              "code": "const payload = {\n  orderId: 'o_slow',\n  amount: 100\n};\ncy.request({\n  method: 'POST',\n  url: endpoint,\n  body: payload,\n  timeout: 10000,\n  failOnStatusCode: false\n}).then(res => {\n  expect(res.status).to.eq(200);\n  expect(res.body.status).to.eq('SUCCESS');\n});",
              "err": {},
              "uuid": "20ad6814-8ef8-4ed7-a278-19ddb9373963",
              "parentUUID": "92090489-06b4-4449-87e8-6e5456a43f5b",
              "isHook": false,
              "skipped": false
            },
            {
              "title": "should fail if order-service is unreachable or order is missing",
              "fullTitle": "Payment API - Advanced Scenarios should fail if order-service is unreachable or order is missing",
              "timedOut": null,
              "duration": 35,
              "state": "passed",
              "speed": "fast",
              "pass": true,
              "fail": false,
              "pending": false,
              "context": null,
              "code": "const payload = {\n  orderId: 'o_broken',\n  amount: 100\n};\ncy.request({\n  method: 'POST',\n  url: endpoint,\n  body: payload,\n  failOnStatusCode: false\n}).then(res => {\n  expect(res.status).to.eq(404);\n  expect(res.body.status).to.eq('FAILED');\n  expect(res.body.error).to.eq('Order not found');\n});",
              "err": {},
              "uuid": "ac6ac5f4-c482-4810-acdc-19bff53c7da1",
              "parentUUID": "92090489-06b4-4449-87e8-6e5456a43f5b",
              "isHook": false,
              "skipped": false
            },
            {
              "title": "should fail if orderId contains script injection",
              "fullTitle": "Payment API - Advanced Scenarios should fail if orderId contains script injection",
              "timedOut": null,
              "duration": 14,
              "state": "passed",
              "speed": "fast",
              "pass": true,
              "fail": false,
              "pending": false,
              "context": null,
              "code": "const payload = {\n  orderId: '<script>alert(1)</script>',\n  amount: 100\n};\ncy.request({\n  method: 'POST',\n  url: endpoint,\n  body: payload,\n  failOnStatusCode: false\n}).then(res => {\n  expect(res.status).to.eq(400);\n  expect(res.body.status).to.eq('FAILED');\n});",
              "err": {},
              "uuid": "96a09a4f-f031-4723-9082-09826773a38b",
              "parentUUID": "92090489-06b4-4449-87e8-6e5456a43f5b",
              "isHook": false,
              "skipped": false
            },
            {
              "title": "should fail if amount contains script injection",
              "fullTitle": "Payment API - Advanced Scenarios should fail if amount contains script injection",
              "timedOut": null,
              "duration": 15,
              "state": "passed",
              "speed": "fast",
              "pass": true,
              "fail": false,
              "pending": false,
              "context": null,
              "code": "const payload = {\n  orderId: 'o_12345',\n  amount: \"<script>100</script>\"\n};\ncy.request({\n  method: 'POST',\n  url: endpoint,\n  body: payload,\n  failOnStatusCode: false\n}).then(res => {\n  expect(res.status).to.eq(400);\n  expect(res.body.status).to.eq('FAILED');\n});",
              "err": {},
              "uuid": "9ac72116-c5c5-4cac-aea9-2f0fd88d6e02",
              "parentUUID": "92090489-06b4-4449-87e8-6e5456a43f5b",
              "isHook": false,
              "skipped": false
            },
            {
              "title": "should fail if orderId is null",
              "fullTitle": "Payment API - Advanced Scenarios should fail if orderId is null",
              "timedOut": null,
              "duration": 16,
              "state": "passed",
              "speed": "fast",
              "pass": true,
              "fail": false,
              "pending": false,
              "context": null,
              "code": "const payload = {\n  orderId: null,\n  amount: 100\n};\ncy.request({\n  method: 'POST',\n  url: endpoint,\n  body: payload,\n  failOnStatusCode: false\n}).then(res => {\n  expect(res.status).to.eq(400);\n  expect(res.body.status).to.eq('FAILED');\n  expect(res.body.error).to.eq('Missing orderId');\n});",
              "err": {},
              "uuid": "d9919968-5ccb-4fd5-8e26-09050bbaf175",
              "parentUUID": "92090489-06b4-4449-87e8-6e5456a43f5b",
              "isHook": false,
              "skipped": false
            },
            {
              "title": "should fail if amount is extremely large",
              "fullTitle": "Payment API - Advanced Scenarios should fail if amount is extremely large",
              "timedOut": null,
              "duration": 15,
              "state": "passed",
              "speed": "fast",
              "pass": true,
              "fail": false,
              "pending": false,
              "context": null,
              "code": "const payload = {\n  orderId: 'o_12345',\n  amount: 999999999999999999999\n};\ncy.request({\n  method: 'POST',\n  url: endpoint,\n  body: payload,\n  failOnStatusCode: false\n}).then(res => {\n  expect(res.status).to.eq(400);\n  expect(res.body.status).to.eq('FAILED');\n});",
              "err": {},
              "uuid": "03919b7f-d458-4a2a-969f-c2d3fafc2f74",
              "parentUUID": "92090489-06b4-4449-87e8-6e5456a43f5b",
              "isHook": false,
              "skipped": false
            }
          ],
          "suites": [],
          "passes": [
            "d52ce71a-bb5d-42ac-99ff-4073538c0b2a",
            "fcc25079-48d5-4c15-b9ff-73911985cb8a",
            "20ad6814-8ef8-4ed7-a278-19ddb9373963",
            "ac6ac5f4-c482-4810-acdc-19bff53c7da1",
            "96a09a4f-f031-4723-9082-09826773a38b",
            "9ac72116-c5c5-4cac-aea9-2f0fd88d6e02",
            "d9919968-5ccb-4fd5-8e26-09050bbaf175",
            "03919b7f-d458-4a2a-969f-c2d3fafc2f74"
          ],
          "failures": [],
          "pending": [],
          "skipped": [],
          "duration": 5312,
          "root": false,
          "rootEmpty": false,
          "_timeout": 2000
        }
      ],
      "passes": [],
      "failures": [],
      "pending": [],
      "skipped": [],
      "duration": 0,
      "root": true,
      "rootEmpty": true,
      "_timeout": 2000
    }
  ],
  "meta": {
    "mocha": {
      "version": "7.2.0"
    },
    "mochawesome": {
      "options": {
        "quiet": false,
        "reportFilename": "mochawesome",
        "saveHtml": true,
        "saveJson": true,
        "consoleReporter": "spec",
        "useInlineDiffs": false,
        "code": true
      },
      "version": "7.1.4"
    },
    "marge": {
      "options": {
        "reportDir": "mochawesome-report",
        "overwrite": false,
        "html": true,
        "json": true
      },
      "version": "6.3.0"
    }
  }
}