{
  "stats": {
    "suites": 4,
    "tests": 6,
    "passes": 0,
    "pending": 0,
    "failures": 6,
    "start": "2026-01-13T08:40:02.096Z",
    "end": "2026-01-13T08:40:03.739Z",
    "duration": 1643,
    "testsRegistered": 6,
    "passPercent": 0,
    "pendingPercent": 0,
    "other": 0,
    "hasOther": false,
    "skipped": 0,
    "hasSkipped": false
  },
  "results": [
    {
      "uuid": "8a8e8d6f-e028-403d-a6e2-76ce57628116",
      "title": "",
      "fullFile": "cypress\\e2e\\pay-security.cy.js",
      "file": "cypress\\e2e\\pay-security.cy.js",
      "beforeHooks": [],
      "afterHooks": [],
      "tests": [],
      "suites": [
        {
          "uuid": "25dece49-91dc-4005-90d6-b2bf065745ba",
          "title": "Payment API - Security and Injection Tests",
          "fullFile": "",
          "file": "",
          "beforeHooks": [],
          "afterHooks": [],
          "tests": [],
          "suites": [
            {
              "uuid": "8fda081a-5ddb-4531-bca3-d33ccfb472bc",
              "title": "Invalid orderId values",
              "fullFile": "",
              "file": "",
              "beforeHooks": [],
              "afterHooks": [],
              "tests": [
                {
                  "title": "should reject SQL-like injection",
                  "fullTitle": "Payment API - Security and Injection Tests Invalid orderId values should reject SQL-like injection",
                  "timedOut": null,
                  "duration": 262,
                  "state": "failed",
                  "speed": null,
                  "pass": false,
                  "fail": true,
                  "pending": false,
                  "context": null,
                  "code": "cy.request({\n  method: 'POST',\n  url: endpoint,\n  body: {\n    orderId: \"' OR 1=1 --\",\n    amount: 100\n  },\n  failOnStatusCode: false\n}).then(res => {\n  expect(res.status).to.eq(400);\n  expect(res.body.status).to.eq('FAILED');\n  expect(res.body).to.have.property('error', 'Invalid orderId');\n});",
                  "err": {
                    "message": "AssertionError: expected 405 to equal 400",
                    "estack": "AssertionError: expected 405 to equal 400\n    at Context.eval (webpack://smart-order-qa-platform/./cypress/e2e/pay-security.cy.js:12:38)",
                    "diff": "- 405\n+ 400\n"
                  },
                  "uuid": "bb0bf81f-0a03-4c05-8806-fc56274ae915",
                  "parentUUID": "8fda081a-5ddb-4531-bca3-d33ccfb472bc",
                  "isHook": false,
                  "skipped": false
                },
                {
                  "title": "should reject Unicode injection",
                  "fullTitle": "Payment API - Security and Injection Tests Invalid orderId values should reject Unicode injection",
                  "timedOut": null,
                  "duration": 199,
                  "state": "failed",
                  "speed": null,
                  "pass": false,
                  "fail": true,
                  "pending": false,
                  "context": null,
                  "code": "cy.request({\n  method: 'POST',\n  url: endpoint,\n  body: {\n    orderId: '💣💥🔥',\n    amount: 100\n  },\n  failOnStatusCode: false\n}).then(res => {\n  expect(res.status).to.eq(400);\n  expect(res.body.status).to.eq('FAILED');\n  expect(res.body).to.have.property('error', 'Invalid orderId');\n});",
                  "err": {
                    "message": "AssertionError: expected 405 to equal 400",
                    "estack": "AssertionError: expected 405 to equal 400\n    at Context.eval (webpack://smart-order-qa-platform/./cypress/e2e/pay-security.cy.js:25:38)",
                    "diff": "- 405\n+ 400\n"
                  },
                  "uuid": "588f60b3-bc0a-4e9b-b4a2-822db4f23c70",
                  "parentUUID": "8fda081a-5ddb-4531-bca3-d33ccfb472bc",
                  "isHook": false,
                  "skipped": false
                },
                {
                  "title": "should reject excessive whitespace",
                  "fullTitle": "Payment API - Security and Injection Tests Invalid orderId values should reject excessive whitespace",
                  "timedOut": null,
                  "duration": 209,
                  "state": "failed",
                  "speed": null,
                  "pass": false,
                  "fail": true,
                  "pending": false,
                  "context": null,
                  "code": "cy.request({\n  method: 'POST',\n  url: endpoint,\n  body: {\n    orderId: ' '.repeat(500),\n    amount: 100\n  },\n  failOnStatusCode: false\n}).then(res => {\n  expect(res.status).to.eq(400);\n  expect(res.body.status).to.eq('FAILED');\n  expect(res.body).to.have.property('error', 'Invalid orderId');\n});",
                  "err": {
                    "message": "AssertionError: expected 405 to equal 400",
                    "estack": "AssertionError: expected 405 to equal 400\n    at Context.eval (webpack://smart-order-qa-platform/./cypress/e2e/pay-security.cy.js:38:38)",
                    "diff": "- 405\n+ 400\n"
                  },
                  "uuid": "f847b435-482d-4543-8c4f-6af6f00255fc",
                  "parentUUID": "8fda081a-5ddb-4531-bca3-d33ccfb472bc",
                  "isHook": false,
                  "skipped": false
                }
              ],
              "suites": [],
              "passes": [],
              "failures": [
                "bb0bf81f-0a03-4c05-8806-fc56274ae915",
                "588f60b3-bc0a-4e9b-b4a2-822db4f23c70",
                "f847b435-482d-4543-8c4f-6af6f00255fc"
              ],
              "pending": [],
              "skipped": [],
              "duration": 670,
              "root": false,
              "rootEmpty": false,
              "_timeout": 2000
            },
            {
              "uuid": "7aa766af-fffa-4e20-9e08-882d1ecf9859",
              "title": "Invalid amount values",
              "fullFile": "",
              "file": "",
              "beforeHooks": [],
              "afterHooks": [],
              "tests": [
                {
                  "title": "should reject script injection in amount",
                  "fullTitle": "Payment API - Security and Injection Tests Invalid amount values should reject script injection in amount",
                  "timedOut": null,
                  "duration": 217,
                  "state": "failed",
                  "speed": null,
                  "pass": false,
                  "fail": true,
                  "pending": false,
                  "context": null,
                  "code": "cy.request({\n  method: 'POST',\n  url: endpoint,\n  body: {\n    orderId: 'o_12345',\n    amount: \"<script>100</script>\"\n  },\n  failOnStatusCode: false\n}).then(res => {\n  expect(res.status).to.eq(400);\n  expect(res.body.status).to.eq('FAILED');\n  expect(res.body).to.have.property('error', 'Invalid amount');\n});",
                  "err": {
                    "message": "AssertionError: expected 405 to equal 400",
                    "estack": "AssertionError: expected 405 to equal 400\n    at Context.eval (webpack://smart-order-qa-platform/./cypress/e2e/pay-security.cy.js:53:38)",
                    "diff": "- 405\n+ 400\n"
                  },
                  "uuid": "fc024a9f-c9ea-4a18-b95e-109093d4106e",
                  "parentUUID": "7aa766af-fffa-4e20-9e08-882d1ecf9859",
                  "isHook": false,
                  "skipped": false
                },
                {
                  "title": "should reject excessively large amount",
                  "fullTitle": "Payment API - Security and Injection Tests Invalid amount values should reject excessively large amount",
                  "timedOut": null,
                  "duration": 197,
                  "state": "failed",
                  "speed": null,
                  "pass": false,
                  "fail": true,
                  "pending": false,
                  "context": null,
                  "code": "cy.request({\n  method: 'POST',\n  url: endpoint,\n  body: {\n    orderId: 'o_12345',\n    amount: 1e12\n  },\n  failOnStatusCode: false\n}).then(res => {\n  expect(res.status).to.eq(400);\n  expect(res.body.status).to.eq('FAILED');\n  expect(res.body).to.have.property('error', 'Invalid amount');\n});",
                  "err": {
                    "message": "AssertionError: expected 405 to equal 400",
                    "estack": "AssertionError: expected 405 to equal 400\n    at Context.eval (webpack://smart-order-qa-platform/./cypress/e2e/pay-security.cy.js:66:38)",
                    "diff": "- 405\n+ 400\n"
                  },
                  "uuid": "242dc267-830e-49b8-9e59-45d00024d408",
                  "parentUUID": "7aa766af-fffa-4e20-9e08-882d1ecf9859",
                  "isHook": false,
                  "skipped": false
                }
              ],
              "suites": [],
              "passes": [],
              "failures": [
                "fc024a9f-c9ea-4a18-b95e-109093d4106e",
                "242dc267-830e-49b8-9e59-45d00024d408"
              ],
              "pending": [],
              "skipped": [],
              "duration": 414,
              "root": false,
              "rootEmpty": false,
              "_timeout": 2000
            },
            {
              "uuid": "c9ba7799-ecd3-4ebb-a7a7-935337bab567",
              "title": "Combined malformed payloads",
              "fullFile": "",
              "file": "",
              "beforeHooks": [],
              "afterHooks": [],
              "tests": [
                {
                  "title": "should reject mixed invalid orderId and amount",
                  "fullTitle": "Payment API - Security and Injection Tests Combined malformed payloads should reject mixed invalid orderId and amount",
                  "timedOut": null,
                  "duration": 278,
                  "state": "failed",
                  "speed": null,
                  "pass": false,
                  "fail": true,
                  "pending": false,
                  "context": null,
                  "code": "cy.request({\n  method: 'POST',\n  url: endpoint,\n  body: {\n    orderId: '<script>alert(1)</script>',\n    amount: 'NaN'\n  },\n  failOnStatusCode: false\n}).then(res => {\n  expect(res.status).to.eq(400);\n  expect(res.body.status).to.eq('FAILED');\n});",
                  "err": {
                    "message": "AssertionError: expected 405 to equal 400",
                    "estack": "AssertionError: expected 405 to equal 400\n    at Context.eval (webpack://smart-order-qa-platform/./cypress/e2e/pay-security.cy.js:81:38)",
                    "diff": "- 405\n+ 400\n"
                  },
                  "uuid": "5894d7c3-d663-45e7-ab44-c8032d84328d",
                  "parentUUID": "c9ba7799-ecd3-4ebb-a7a7-935337bab567",
                  "isHook": false,
                  "skipped": false
                }
              ],
              "suites": [],
              "passes": [],
              "failures": [
                "5894d7c3-d663-45e7-ab44-c8032d84328d"
              ],
              "pending": [],
              "skipped": [],
              "duration": 278,
              "root": false,
              "rootEmpty": false,
              "_timeout": 2000
            }
          ],
          "passes": [],
          "failures": [],
          "pending": [],
          "skipped": [],
          "duration": 0,
          "root": false,
          "rootEmpty": false,
          "_timeout": 2000
        }
      ],
      "passes": [],
      "failures": [],
      "pending": [],
      "skipped": [],
      "duration": 0,
      "root": true,
      "rootEmpty": true,
      "_timeout": 2000
    }
  ],
  "meta": {
    "mocha": {
      "version": "7.0.1"
    },
    "mochawesome": {
      "options": {
        "quiet": false,
        "reportFilename": "mochawesome",
        "saveHtml": true,
        "saveJson": true,
        "consoleReporter": "spec",
        "useInlineDiffs": false,
        "code": true
      },
      "version": "7.1.4"
    },
    "marge": {
      "options": {
        "reportDir": "mochawesome-report",
        "overwrite": false,
        "html": true,
        "json": true
      },
      "version": "6.3.0"
    }
  }
}