{
  "stats": {
    "suites": 4,
    "tests": 6,
    "passes": 6,
    "pending": 0,
    "failures": 0,
    "start": "2026-01-13T09:56:57.527Z",
    "end": "2026-01-13T09:56:57.775Z",
    "duration": 248,
    "testsRegistered": 6,
    "passPercent": 100,
    "pendingPercent": 0,
    "other": 0,
    "hasOther": false,
    "skipped": 0,
    "hasSkipped": false
  },
  "results": [
    {
      "uuid": "049813d4-4171-4282-8ef8-782d5a53c8b9",
      "title": "",
      "fullFile": "cypress\\e2e\\pay-security.cy.js",
      "file": "cypress\\e2e\\pay-security.cy.js",
      "beforeHooks": [],
      "afterHooks": [],
      "tests": [],
      "suites": [
        {
          "uuid": "5a327e98-6de5-49c3-9887-11d12a6a3f03",
          "title": "Payment API - Security and Injection Tests",
          "fullFile": "",
          "file": "",
          "beforeHooks": [],
          "afterHooks": [],
          "tests": [],
          "suites": [
            {
              "uuid": "d9967501-8bc5-4338-85b9-76ad8b05b96e",
              "title": "Invalid orderId values",
              "fullFile": "",
              "file": "",
              "beforeHooks": [],
              "afterHooks": [],
              "tests": [
                {
                  "title": "should reject SQL-like injection",
                  "fullTitle": "Payment API - Security and Injection Tests Invalid orderId values should reject SQL-like injection",
                  "timedOut": null,
                  "duration": 37,
                  "state": "passed",
                  "speed": "fast",
                  "pass": true,
                  "fail": false,
                  "pending": false,
                  "context": null,
                  "code": "cy.request({\n  method: 'POST',\n  url: endpoint,\n  body: {\n    orderId: \"' OR 1=1 --\",\n    amount: 100\n  },\n  failOnStatusCode: false\n}).then(res => {\n  expect(res.status).to.eq(400);\n  expect(res.body.status).to.eq('FAILED');\n  expect(res.body).to.have.property('error', 'Invalid orderId');\n});",
                  "err": {},
                  "uuid": "4f0ca368-f429-4a31-82b4-cb1372f64225",
                  "parentUUID": "d9967501-8bc5-4338-85b9-76ad8b05b96e",
                  "isHook": false,
                  "skipped": false
                },
                {
                  "title": "should reject Unicode injection",
                  "fullTitle": "Payment API - Security and Injection Tests Invalid orderId values should reject Unicode injection",
                  "timedOut": null,
                  "duration": 19,
                  "state": "passed",
                  "speed": "fast",
                  "pass": true,
                  "fail": false,
                  "pending": false,
                  "context": null,
                  "code": "cy.request({\n  method: 'POST',\n  url: endpoint,\n  body: {\n    orderId: '💣💥🔥',\n    amount: 100\n  },\n  failOnStatusCode: false\n}).then(res => {\n  expect(res.status).to.eq(400);\n  expect(res.body.status).to.eq('FAILED');\n  expect(res.body).to.have.property('error', 'Invalid orderId');\n});",
                  "err": {},
                  "uuid": "97413d4a-015a-4d61-b981-755c46966154",
                  "parentUUID": "d9967501-8bc5-4338-85b9-76ad8b05b96e",
                  "isHook": false,
                  "skipped": false
                },
                {
                  "title": "should reject excessive whitespace",
                  "fullTitle": "Payment API - Security and Injection Tests Invalid orderId values should reject excessive whitespace",
                  "timedOut": null,
                  "duration": 20,
                  "state": "passed",
                  "speed": "fast",
                  "pass": true,
                  "fail": false,
                  "pending": false,
                  "context": null,
                  "code": "cy.request({\n  method: 'POST',\n  url: endpoint,\n  body: {\n    orderId: ' '.repeat(500),\n    amount: 100\n  },\n  failOnStatusCode: false\n}).then(res => {\n  expect(res.status).to.eq(400);\n  expect(res.body.status).to.eq('FAILED');\n  expect(res.body).to.have.property('error', 'Invalid orderId');\n});",
                  "err": {},
                  "uuid": "c4813cdc-dc37-4641-ab7b-ba3db7db6ecc",
                  "parentUUID": "d9967501-8bc5-4338-85b9-76ad8b05b96e",
                  "isHook": false,
                  "skipped": false
                }
              ],
              "suites": [],
              "passes": [
                "4f0ca368-f429-4a31-82b4-cb1372f64225",
                "97413d4a-015a-4d61-b981-755c46966154",
                "c4813cdc-dc37-4641-ab7b-ba3db7db6ecc"
              ],
              "failures": [],
              "pending": [],
              "skipped": [],
              "duration": 76,
              "root": false,
              "rootEmpty": false,
              "_timeout": 2000
            },
            {
              "uuid": "95c5badc-297b-4051-b04f-eff88bbe8fb4",
              "title": "Invalid amount values",
              "fullFile": "",
              "file": "",
              "beforeHooks": [],
              "afterHooks": [],
              "tests": [
                {
                  "title": "should reject script injection in amount",
                  "fullTitle": "Payment API - Security and Injection Tests Invalid amount values should reject script injection in amount",
                  "timedOut": null,
                  "duration": 25,
                  "state": "passed",
                  "speed": "fast",
                  "pass": true,
                  "fail": false,
                  "pending": false,
                  "context": null,
                  "code": "cy.request({\n  method: 'POST',\n  url: endpoint,\n  body: {\n    orderId: 'o_12345',\n    amount: \"<script>100</script>\"\n  },\n  failOnStatusCode: false\n}).then(res => {\n  expect(res.status).to.eq(400);\n  expect(res.body.status).to.eq('FAILED');\n  expect(res.body).to.have.property('error', 'Invalid amount');\n});",
                  "err": {},
                  "uuid": "6b50c84c-5af4-4c45-bd83-8a21e8ba869e",
                  "parentUUID": "95c5badc-297b-4051-b04f-eff88bbe8fb4",
                  "isHook": false,
                  "skipped": false
                },
                {
                  "title": "should reject excessively large amount",
                  "fullTitle": "Payment API - Security and Injection Tests Invalid amount values should reject excessively large amount",
                  "timedOut": null,
                  "duration": 17,
                  "state": "passed",
                  "speed": "fast",
                  "pass": true,
                  "fail": false,
                  "pending": false,
                  "context": null,
                  "code": "cy.request({\n  method: 'POST',\n  url: endpoint,\n  body: {\n    orderId: 'o_12345',\n    amount: 1e12\n  },\n  failOnStatusCode: false\n}).then(res => {\n  expect(res.status).to.eq(400);\n  expect(res.body.status).to.eq('FAILED');\n  expect(res.body).to.have.property('error', 'Invalid amount');\n});",
                  "err": {},
                  "uuid": "b8884c05-7a98-4a9a-9b73-a0f54ffa3ee3",
                  "parentUUID": "95c5badc-297b-4051-b04f-eff88bbe8fb4",
                  "isHook": false,
                  "skipped": false
                }
              ],
              "suites": [],
              "passes": [
                "6b50c84c-5af4-4c45-bd83-8a21e8ba869e",
                "b8884c05-7a98-4a9a-9b73-a0f54ffa3ee3"
              ],
              "failures": [],
              "pending": [],
              "skipped": [],
              "duration": 42,
              "root": false,
              "rootEmpty": false,
              "_timeout": 2000
            },
            {
              "uuid": "fa2dcbd5-c821-4126-84d6-98f58d04aca8",
              "title": "Combined malformed payloads",
              "fullFile": "",
              "file": "",
              "beforeHooks": [],
              "afterHooks": [],
              "tests": [
                {
                  "title": "should reject mixed invalid orderId and amount",
                  "fullTitle": "Payment API - Security and Injection Tests Combined malformed payloads should reject mixed invalid orderId and amount",
                  "timedOut": null,
                  "duration": 19,
                  "state": "passed",
                  "speed": "fast",
                  "pass": true,
                  "fail": false,
                  "pending": false,
                  "context": null,
                  "code": "cy.request({\n  method: 'POST',\n  url: endpoint,\n  body: {\n    orderId: '<script>alert(1)</script>',\n    amount: 'NaN'\n  },\n  failOnStatusCode: false\n}).then(res => {\n  expect(res.status).to.eq(400);\n  expect(res.body.status).to.eq('FAILED');\n});",
                  "err": {},
                  "uuid": "95846160-ed27-4016-aa55-d4f5f15bc9c0",
                  "parentUUID": "fa2dcbd5-c821-4126-84d6-98f58d04aca8",
                  "isHook": false,
                  "skipped": false
                }
              ],
              "suites": [],
              "passes": [
                "95846160-ed27-4016-aa55-d4f5f15bc9c0"
              ],
              "failures": [],
              "pending": [],
              "skipped": [],
              "duration": 19,
              "root": false,
              "rootEmpty": false,
              "_timeout": 2000
            }
          ],
          "passes": [],
          "failures": [],
          "pending": [],
          "skipped": [],
          "duration": 0,
          "root": false,
          "rootEmpty": false,
          "_timeout": 2000
        }
      ],
      "passes": [],
      "failures": [],
      "pending": [],
      "skipped": [],
      "duration": 0,
      "root": true,
      "rootEmpty": true,
      "_timeout": 2000
    }
  ],
  "meta": {
    "mocha": {
      "version": "7.0.1"
    },
    "mochawesome": {
      "options": {
        "quiet": false,
        "reportFilename": "mochawesome",
        "saveHtml": true,
        "saveJson": true,
        "consoleReporter": "spec",
        "useInlineDiffs": false,
        "code": true
      },
      "version": "7.1.4"
    },
    "marge": {
      "options": {
        "reportDir": "mochawesome-report",
        "overwrite": false,
        "html": true,
        "json": true
      },
      "version": "6.3.0"
    }
  }
}