{
  "stats": {
    "suites": 1,
    "tests": 6,
    "passes": 6,
    "pending": 0,
    "failures": 0,
    "start": "2026-01-13T09:49:19.505Z",
    "end": "2026-01-13T09:49:24.828Z",
    "duration": 5323,
    "testsRegistered": 6,
    "passPercent": 100,
    "pendingPercent": 0,
    "other": 0,
    "hasOther": false,
    "skipped": 0,
    "hasSkipped": false
  },
  "results": [
    {
      "uuid": "e33f8a69-3b78-4e7a-8a4e-b3ecd3f02bc5",
      "title": "",
      "fullFile": "cypress\\e2e\\pay-advanced.cy.js",
      "file": "cypress\\e2e\\pay-advanced.cy.js",
      "beforeHooks": [],
      "afterHooks": [],
      "tests": [],
      "suites": [
        {
          "uuid": "2e9cb316-e3b7-426a-879f-27d4dd52cb6d",
          "title": "Payment API - Advanced Scenarios",
          "fullFile": "",
          "file": "",
          "beforeHooks": [],
          "afterHooks": [],
          "tests": [
            {
              "title": "should prevent duplicate payment for the same order",
              "fullTitle": "Payment API - Advanced Scenarios should prevent duplicate payment for the same order",
              "timedOut": null,
              "duration": 124,
              "state": "passed",
              "speed": "fast",
              "pass": true,
              "fail": false,
              "pending": false,
              "context": null,
              "code": "const payload = {\n  orderId: 'o_adv_001',\n  amount: 100\n};\ncy.request({\n  method: 'POST',\n  url: endpoint,\n  body: payload,\n  failOnStatusCode: false\n}).then(res1 => {\n  expect(res1.status).to.eq(200);\n  expect(res1.body.status).to.eq('SUCCESS');\n  // تلاش مجدد برای همان سفارش (تست جلوگیری از تکرار)\n  cy.request({\n    method: 'POST',\n    url: endpoint,\n    body: payload,\n    failOnStatusCode: false\n  }).then(res2 => {\n    expect(res2.status).to.eq(409);\n    expect(res2.body.status).to.eq('FAILED');\n    expect(res2.body.error).to.eq('Duplicate payment');\n  });\n});",
              "err": {},
              "uuid": "01a818c6-2235-4437-86e0-a32901e67995",
              "parentUUID": "2e9cb316-e3b7-426a-879f-27d4dd52cb6d",
              "isHook": false,
              "skipped": false
            },
            {
              "title": "should fail if amount does not match order total",
              "fullTitle": "Payment API - Advanced Scenarios should fail if amount does not match order total",
              "timedOut": null,
              "duration": 19,
              "state": "passed",
              "speed": "fast",
              "pass": true,
              "fail": false,
              "pending": false,
              "context": null,
              "code": "const payload = {\n  orderId: 'o_12345',\n  amount: 999\n};\ncy.request({\n  method: 'POST',\n  url: endpoint,\n  body: payload,\n  failOnStatusCode: false\n}).then(res => {\n  expect(res.status).to.eq(400);\n  expect(res.body.status).to.eq('FAILED');\n  expect(res.body.error).to.eq('Amount mismatch');\n});",
              "err": {},
              "uuid": "533f0192-cb84-470a-b460-f231e809e561",
              "parentUUID": "2e9cb316-e3b7-426a-879f-27d4dd52cb6d",
              "isHook": false,
              "skipped": false
            },
            {
              "title": "should handle delayed response from order-service",
              "fullTitle": "Payment API - Advanced Scenarios should handle delayed response from order-service",
              "timedOut": null,
              "duration": 5038,
              "state": "passed",
              "speed": "medium",
              "pass": true,
              "fail": false,
              "pending": false,
              "context": null,
              "code": "const payload = {\n  orderId: 'o_slow',\n  amount: 100\n};\ncy.request({\n  method: 'POST',\n  url: endpoint,\n  body: payload,\n  timeout: 10000,\n  failOnStatusCode: false\n}).then(res => {\n  expect(res.status).to.eq(200);\n  expect(res.body.status).to.eq('SUCCESS');\n});",
              "err": {},
              "uuid": "338ac701-6c4e-43e4-bec9-0aa9f3af842b",
              "parentUUID": "2e9cb316-e3b7-426a-879f-27d4dd52cb6d",
              "isHook": false,
              "skipped": false
            },
            {
              "title": "should fail if order-service is unreachable or order is missing",
              "fullTitle": "Payment API - Advanced Scenarios should fail if order-service is unreachable or order is missing",
              "timedOut": null,
              "duration": 22,
              "state": "passed",
              "speed": "fast",
              "pass": true,
              "fail": false,
              "pending": false,
              "context": null,
              "code": "const payload = {\n  orderId: 'o_broken',\n  amount: 100\n};\ncy.request({\n  method: 'POST',\n  url: endpoint,\n  body: payload,\n  failOnStatusCode: false\n}).then(res => {\n  expect(res.status).to.eq(404);\n  expect(res.body.status).to.eq('FAILED');\n  expect(res.body.error).to.eq('Order not found');\n});",
              "err": {},
              "uuid": "12039f9b-190b-4f34-b75b-afd46069c4d1",
              "parentUUID": "2e9cb316-e3b7-426a-879f-27d4dd52cb6d",
              "isHook": false,
              "skipped": false
            },
            {
              "title": "should fail if orderId contains script injection",
              "fullTitle": "Payment API - Advanced Scenarios should fail if orderId contains script injection",
              "timedOut": null,
              "duration": 17,
              "state": "passed",
              "speed": "fast",
              "pass": true,
              "fail": false,
              "pending": false,
              "context": null,
              "code": "const payload = {\n  orderId: '<script>alert(1)</script>',\n  amount: 100\n};\ncy.request({\n  method: 'POST',\n  url: endpoint,\n  body: payload,\n  failOnStatusCode: false\n}).then(res => {\n  expect(res.status).to.eq(400);\n  expect(res.body.status).to.eq('FAILED');\n});",
              "err": {},
              "uuid": "c4ab52fc-2687-4d1f-92d1-730a7b96d8a5",
              "parentUUID": "2e9cb316-e3b7-426a-879f-27d4dd52cb6d",
              "isHook": false,
              "skipped": false
            },
            {
              "title": "should fail if orderId is null",
              "fullTitle": "Payment API - Advanced Scenarios should fail if orderId is null",
              "timedOut": null,
              "duration": 13,
              "state": "passed",
              "speed": "fast",
              "pass": true,
              "fail": false,
              "pending": false,
              "context": null,
              "code": "const payload = {\n  orderId: null,\n  amount: 100\n};\ncy.request({\n  method: 'POST',\n  url: endpoint,\n  body: payload,\n  failOnStatusCode: false\n}).then(res => {\n  expect(res.status).to.eq(400);\n  expect(res.body.status).to.eq('FAILED');\n});",
              "err": {},
              "uuid": "e2973da3-a99c-4593-865f-f7283fbabf67",
              "parentUUID": "2e9cb316-e3b7-426a-879f-27d4dd52cb6d",
              "isHook": false,
              "skipped": false
            }
          ],
          "suites": [],
          "passes": [
            "01a818c6-2235-4437-86e0-a32901e67995",
            "533f0192-cb84-470a-b460-f231e809e561",
            "338ac701-6c4e-43e4-bec9-0aa9f3af842b",
            "12039f9b-190b-4f34-b75b-afd46069c4d1",
            "c4ab52fc-2687-4d1f-92d1-730a7b96d8a5",
            "e2973da3-a99c-4593-865f-f7283fbabf67"
          ],
          "failures": [],
          "pending": [],
          "skipped": [],
          "duration": 5233,
          "root": false,
          "rootEmpty": false,
          "_timeout": 2000
        }
      ],
      "passes": [],
      "failures": [],
      "pending": [],
      "skipped": [],
      "duration": 0,
      "root": true,
      "rootEmpty": true,
      "_timeout": 2000
    }
  ],
  "meta": {
    "mocha": {
      "version": "7.0.1"
    },
    "mochawesome": {
      "options": {
        "quiet": false,
        "reportFilename": "mochawesome",
        "saveHtml": true,
        "saveJson": true,
        "consoleReporter": "spec",
        "useInlineDiffs": false,
        "code": true
      },
      "version": "7.1.4"
    },
    "marge": {
      "options": {
        "reportDir": "mochawesome-report",
        "overwrite": false,
        "html": true,
        "json": true
      },
      "version": "6.3.0"
    }
  }
}