{
  "stats": {
    "suites": 1,
    "tests": 3,
    "passes": 3,
    "pending": 0,
    "failures": 0,
    "start": "2026-01-13T09:50:54.113Z",
    "end": "2026-01-13T09:50:59.414Z",
    "duration": 5301,
    "testsRegistered": 3,
    "passPercent": 100,
    "pendingPercent": 0,
    "other": 0,
    "hasOther": false,
    "skipped": 0,
    "hasSkipped": false
  },
  "results": [
    {
      "uuid": "0d96f59e-cb2d-41a3-80d6-2e5d6111502b",
      "title": "",
      "fullFile": "cypress\\e2e\\order.cy.js",
      "file": "cypress\\e2e\\order.cy.js",
      "beforeHooks": [],
      "afterHooks": [],
      "tests": [],
      "suites": [
        {
          "uuid": "6c5c30a8-4d26-46ba-b45b-736959aeee56",
          "title": "Order Service API Tests",
          "fullFile": "",
          "file": "",
          "beforeHooks": [],
          "afterHooks": [],
          "tests": [
            {
              "title": "should fetch an existing order successfully",
              "fullTitle": "Order Service API Tests should fetch an existing order successfully",
              "timedOut": null,
              "duration": 104,
              "state": "passed",
              "speed": "fast",
              "pass": true,
              "fail": false,
              "pending": false,
              "context": null,
              "code": "cy.request(`${baseUrl}/api/order/o_12345`).then(response => {\n  expect(response.status).to.eq(200);\n  expect(response.body).to.have.property('order');\n  expect(response.body.order).to.have.property('orderId', 'o_12345');\n  expect(response.body.order.items).to.include('item1');\n});",
              "err": {},
              "uuid": "adf6cf48-00e4-42bb-b8ea-cb1aaaca5f43",
              "parentUUID": "6c5c30a8-4d26-46ba-b45b-736959aeee56",
              "isHook": false,
              "skipped": false
            },
            {
              "title": "should handle delayed orders (simulate 5s wait)",
              "fullTitle": "Order Service API Tests should handle delayed orders (simulate 5s wait)",
              "timedOut": null,
              "duration": 5048,
              "state": "passed",
              "speed": "medium",
              "pass": true,
              "fail": false,
              "pending": false,
              "context": null,
              "code": "cy.request(`${baseUrl}/api/order/o_slow`).then(response => {\n  expect(response.status).to.eq(200);\n  expect(response.body.order.orderId).to.eq('o_slow');\n});",
              "err": {},
              "uuid": "660a5ac2-7644-4e5a-98a2-e0be80ff86ee",
              "parentUUID": "6c5c30a8-4d26-46ba-b45b-736959aeee56",
              "isHook": false,
              "skipped": false
            },
            {
              "title": "should return 404 for non-existent order",
              "fullTitle": "Order Service API Tests should return 404 for non-existent order",
              "timedOut": null,
              "duration": 38,
              "state": "passed",
              "speed": "fast",
              "pass": true,
              "fail": false,
              "pending": false,
              "context": null,
              "code": "cy.request({\n  url: `${baseUrl}/api/order/o_notfound`,\n  failOnStatusCode: false\n}).then(response => {\n  expect(response.status).to.eq(404);\n  expect(response.body).to.have.property('error', 'Order not found');\n});",
              "err": {},
              "uuid": "0ab63be8-f6f2-4d77-85e2-bf01c8eb1321",
              "parentUUID": "6c5c30a8-4d26-46ba-b45b-736959aeee56",
              "isHook": false,
              "skipped": false
            }
          ],
          "suites": [],
          "passes": [
            "adf6cf48-00e4-42bb-b8ea-cb1aaaca5f43",
            "660a5ac2-7644-4e5a-98a2-e0be80ff86ee",
            "0ab63be8-f6f2-4d77-85e2-bf01c8eb1321"
          ],
          "failures": [],
          "pending": [],
          "skipped": [],
          "duration": 5190,
          "root": false,
          "rootEmpty": false,
          "_timeout": 2000
        }
      ],
      "passes": [],
      "failures": [],
      "pending": [],
      "skipped": [],
      "duration": 0,
      "root": true,
      "rootEmpty": true,
      "_timeout": 2000
    }
  ],
  "meta": {
    "mocha": {
      "version": "7.0.1"
    },
    "mochawesome": {
      "options": {
        "quiet": false,
        "reportFilename": "mochawesome",
        "saveHtml": true,
        "saveJson": true,
        "consoleReporter": "spec",
        "useInlineDiffs": false,
        "code": true
      },
      "version": "7.1.4"
    },
    "marge": {
      "options": {
        "reportDir": "mochawesome-report",
        "overwrite": false,
        "html": true,
        "json": true
      },
      "version": "6.3.0"
    }
  }
}