{
  "stats": {
    "suites": 1,
    "tests": 6,
    "passes": 6,
    "pending": 0,
    "failures": 0,
    "start": "2026-01-14T04:01:17.108Z",
    "end": "2026-01-14T04:01:22.426Z",
    "duration": 5318,
    "testsRegistered": 6,
    "passPercent": 100,
    "pendingPercent": 0,
    "other": 0,
    "hasOther": false,
    "skipped": 0,
    "hasSkipped": false
  },
  "results": [
    {
      "uuid": "6c249331-cb7a-42dc-bee9-f6e9d8aa0e2c",
      "title": "",
      "fullFile": "cypress\\e2e\\pay-advanced.cy.js",
      "file": "cypress\\e2e\\pay-advanced.cy.js",
      "beforeHooks": [],
      "afterHooks": [],
      "tests": [],
      "suites": [
        {
          "uuid": "bde4b7e3-88d1-43e2-89cc-7773ca5c31c0",
          "title": "Payment API - Advanced Scenarios",
          "fullFile": "",
          "file": "",
          "beforeHooks": [],
          "afterHooks": [],
          "tests": [
            {
              "title": "should prevent duplicate payment for the same order",
              "fullTitle": "Payment API - Advanced Scenarios should prevent duplicate payment for the same order",
              "timedOut": null,
              "duration": 107,
              "state": "passed",
              "speed": "fast",
              "pass": true,
              "fail": false,
              "pending": false,
              "context": null,
              "code": "const payload = {\n  orderId: 'o_adv_001',\n  amount: 100\n};\ncy.request({\n  method: 'POST',\n  url: endpoint,\n  body: payload,\n  failOnStatusCode: false\n}).then(res1 => {\n  expect(res1.status).to.eq(200);\n  expect(res1.body.status).to.eq('SUCCESS');\n  // تلاش مجدد برای همان سفارش (تست جلوگیری از تکرار)\n  cy.request({\n    method: 'POST',\n    url: endpoint,\n    body: payload,\n    failOnStatusCode: false\n  }).then(res2 => {\n    expect(res2.status).to.eq(409);\n    expect(res2.body.status).to.eq('FAILED');\n    expect(res2.body.error).to.eq('Duplicate payment');\n  });\n});",
              "err": {},
              "uuid": "989fce6d-e75f-4a3f-8b97-5c4ed15e6bcd",
              "parentUUID": "bde4b7e3-88d1-43e2-89cc-7773ca5c31c0",
              "isHook": false,
              "skipped": false
            },
            {
              "title": "should fail if amount does not match order total",
              "fullTitle": "Payment API - Advanced Scenarios should fail if amount does not match order total",
              "timedOut": null,
              "duration": 20,
              "state": "passed",
              "speed": "fast",
              "pass": true,
              "fail": false,
              "pending": false,
              "context": null,
              "code": "const payload = {\n  orderId: 'o_12345',\n  amount: 999\n};\ncy.request({\n  method: 'POST',\n  url: endpoint,\n  body: payload,\n  failOnStatusCode: false\n}).then(res => {\n  expect(res.status).to.eq(400);\n  expect(res.body.status).to.eq('FAILED');\n  expect(res.body.error).to.eq('Amount mismatch');\n});",
              "err": {},
              "uuid": "c501aecf-2d27-43b0-be8b-10ee92701ee4",
              "parentUUID": "bde4b7e3-88d1-43e2-89cc-7773ca5c31c0",
              "isHook": false,
              "skipped": false
            },
            {
              "title": "should handle delayed response from order-service",
              "fullTitle": "Payment API - Advanced Scenarios should handle delayed response from order-service",
              "timedOut": null,
              "duration": 5029,
              "state": "passed",
              "speed": "medium",
              "pass": true,
              "fail": false,
              "pending": false,
              "context": null,
              "code": "const payload = {\n  orderId: 'o_slow',\n  amount: 100\n};\ncy.request({\n  method: 'POST',\n  url: endpoint,\n  body: payload,\n  timeout: 10000,\n  failOnStatusCode: false\n}).then(res => {\n  expect(res.status).to.eq(200);\n  expect(res.body.status).to.eq('SUCCESS');\n});",
              "err": {},
              "uuid": "02b95533-8b22-466e-ae7a-8391b9dc8e02",
              "parentUUID": "bde4b7e3-88d1-43e2-89cc-7773ca5c31c0",
              "isHook": false,
              "skipped": false
            },
            {
              "title": "should fail if order-service is unreachable or order is missing",
              "fullTitle": "Payment API - Advanced Scenarios should fail if order-service is unreachable or order is missing",
              "timedOut": null,
              "duration": 27,
              "state": "passed",
              "speed": "fast",
              "pass": true,
              "fail": false,
              "pending": false,
              "context": null,
              "code": "const payload = {\n  orderId: 'o_broken',\n  amount: 100\n};\ncy.request({\n  method: 'POST',\n  url: endpoint,\n  body: payload,\n  failOnStatusCode: false\n}).then(res => {\n  expect(res.status).to.eq(404);\n  expect(res.body.status).to.eq('FAILED');\n  expect(res.body.error).to.eq('Order not found');\n});",
              "err": {},
              "uuid": "5eafc836-9acc-4565-9505-de5f8bbd3679",
              "parentUUID": "bde4b7e3-88d1-43e2-89cc-7773ca5c31c0",
              "isHook": false,
              "skipped": false
            },
            {
              "title": "should fail if orderId contains script injection",
              "fullTitle": "Payment API - Advanced Scenarios should fail if orderId contains script injection",
              "timedOut": null,
              "duration": 19,
              "state": "passed",
              "speed": "fast",
              "pass": true,
              "fail": false,
              "pending": false,
              "context": null,
              "code": "const payload = {\n  orderId: '<script>alert(1)</script>',\n  amount: 100\n};\ncy.request({\n  method: 'POST',\n  url: endpoint,\n  body: payload,\n  failOnStatusCode: false\n}).then(res => {\n  expect(res.status).to.eq(400);\n  expect(res.body.status).to.eq('FAILED');\n});",
              "err": {},
              "uuid": "f6451d73-5eb1-4a7e-8da2-2bf9ebb17ded",
              "parentUUID": "bde4b7e3-88d1-43e2-89cc-7773ca5c31c0",
              "isHook": false,
              "skipped": false
            },
            {
              "title": "should fail if orderId is null",
              "fullTitle": "Payment API - Advanced Scenarios should fail if orderId is null",
              "timedOut": null,
              "duration": 16,
              "state": "passed",
              "speed": "fast",
              "pass": true,
              "fail": false,
              "pending": false,
              "context": null,
              "code": "const payload = {\n  orderId: null,\n  amount: 100\n};\ncy.request({\n  method: 'POST',\n  url: endpoint,\n  body: payload,\n  failOnStatusCode: false\n}).then(res => {\n  expect(res.status).to.eq(400);\n  expect(res.body.status).to.eq('FAILED');\n});",
              "err": {},
              "uuid": "769033e5-2d0e-4bc2-95f3-43869ce2a41a",
              "parentUUID": "bde4b7e3-88d1-43e2-89cc-7773ca5c31c0",
              "isHook": false,
              "skipped": false
            }
          ],
          "suites": [],
          "passes": [
            "989fce6d-e75f-4a3f-8b97-5c4ed15e6bcd",
            "c501aecf-2d27-43b0-be8b-10ee92701ee4",
            "02b95533-8b22-466e-ae7a-8391b9dc8e02",
            "5eafc836-9acc-4565-9505-de5f8bbd3679",
            "f6451d73-5eb1-4a7e-8da2-2bf9ebb17ded",
            "769033e5-2d0e-4bc2-95f3-43869ce2a41a"
          ],
          "failures": [],
          "pending": [],
          "skipped": [],
          "duration": 5218,
          "root": false,
          "rootEmpty": false,
          "_timeout": 2000
        }
      ],
      "passes": [],
      "failures": [],
      "pending": [],
      "skipped": [],
      "duration": 0,
      "root": true,
      "rootEmpty": true,
      "_timeout": 2000
    }
  ],
  "meta": {
    "mocha": {
      "version": "7.0.1"
    },
    "mochawesome": {
      "options": {
        "quiet": false,
        "reportFilename": "mochawesome",
        "saveHtml": true,
        "saveJson": true,
        "consoleReporter": "spec",
        "useInlineDiffs": false,
        "code": true
      },
      "version": "7.1.4"
    },
    "marge": {
      "options": {
        "reportDir": "mochawesome-report",
        "overwrite": false,
        "html": true,
        "json": true
      },
      "version": "6.3.0"
    }
  }
}