{
  "stats": {
    "suites": 3,
    "tests": 4,
    "passes": 4,
    "pending": 0,
    "failures": 0,
    "start": "2026-01-14T03:54:50.154Z",
    "end": "2026-01-14T03:54:50.358Z",
    "duration": 204,
    "testsRegistered": 4,
    "passPercent": 100,
    "pendingPercent": 0,
    "other": 0,
    "hasOther": false,
    "skipped": 0,
    "hasSkipped": false
  },
  "results": [
    {
      "uuid": "c4fae2bf-5f3e-4902-9cce-5f2f62d4a8dd",
      "title": "",
      "fullFile": "cypress\\e2e\\pay.cy.js",
      "file": "cypress\\e2e\\pay.cy.js",
      "beforeHooks": [],
      "afterHooks": [],
      "tests": [],
      "suites": [
        {
          "uuid": "3cb5556e-ac3f-4635-bc1d-e084dd1b2cf3",
          "title": "🧾 Payment API - Functional Tests",
          "fullFile": "",
          "file": "",
          "beforeHooks": [],
          "afterHooks": [],
          "tests": [],
          "suites": [
            {
              "uuid": "7639af84-b25e-476d-ab50-874c1738a7f3",
              "title": " Valid Payment Flow",
              "fullFile": "",
              "file": "",
              "beforeHooks": [],
              "afterHooks": [],
              "tests": [
                {
                  "title": "should process a valid payment request",
                  "fullTitle": "🧾 Payment API - Functional Tests  Valid Payment Flow should process a valid payment request",
                  "timedOut": null,
                  "duration": 87,
                  "state": "passed",
                  "speed": "fast",
                  "pass": true,
                  "fail": false,
                  "pending": false,
                  "context": null,
                  "code": "const payload = {\n  orderId: 'o_12345',\n  amount: 100\n};\ncy.request({\n  method: 'POST',\n  url: endpoint,\n  body: payload\n}).then(res => {\n  expect(res.status).to.eq(200);\n  expect(res.body).to.have.property('status', 'SUCCESS');\n  expect(res.body).to.have.property('message');\n  expect(res.body.message).to.eq('Payment processed');\n});",
                  "err": {},
                  "uuid": "5e398a88-da71-43d4-83c5-f408a908e753",
                  "parentUUID": "7639af84-b25e-476d-ab50-874c1738a7f3",
                  "isHook": false,
                  "skipped": false
                }
              ],
              "suites": [],
              "passes": [
                "5e398a88-da71-43d4-83c5-f408a908e753"
              ],
              "failures": [],
              "pending": [],
              "skipped": [],
              "duration": 87,
              "root": false,
              "rootEmpty": false,
              "_timeout": 2000
            },
            {
              "uuid": "b6a3e8c1-9518-4b2b-aa19-1c07835a3cd7",
              "title": " Invalid Payment Scenarios",
              "fullFile": "",
              "file": "",
              "beforeHooks": [],
              "afterHooks": [],
              "tests": [
                {
                  "title": "should fail when orderId is missing",
                  "fullTitle": "🧾 Payment API - Functional Tests  Invalid Payment Scenarios should fail when orderId is missing",
                  "timedOut": null,
                  "duration": 16,
                  "state": "passed",
                  "speed": "fast",
                  "pass": true,
                  "fail": false,
                  "pending": false,
                  "context": null,
                  "code": "const payload = {\n  amount: 100\n};\ncy.request({\n  method: 'POST',\n  url: endpoint,\n  body: payload,\n  failOnStatusCode: false\n}).then(res => {\n  expect(res.status).to.eq(400);\n  expect(res.body).to.have.property('error');\n  expect(res.body.error).to.eq('Missing orderId');\n});",
                  "err": {},
                  "uuid": "1fa9ec7b-fb13-47ec-8e29-320c4e091afb",
                  "parentUUID": "b6a3e8c1-9518-4b2b-aa19-1c07835a3cd7",
                  "isHook": false,
                  "skipped": false
                },
                {
                  "title": "should fail when amount is negative",
                  "fullTitle": "🧾 Payment API - Functional Tests  Invalid Payment Scenarios should fail when amount is negative",
                  "timedOut": null,
                  "duration": 16,
                  "state": "passed",
                  "speed": "fast",
                  "pass": true,
                  "fail": false,
                  "pending": false,
                  "context": null,
                  "code": "const payload = {\n  orderId: 'o_12345',\n  amount: -50\n};\ncy.request({\n  method: 'POST',\n  url: endpoint,\n  body: payload,\n  failOnStatusCode: false\n}).then(res => {\n  expect(res.status).to.eq(400);\n  expect(res.body).to.have.property('error');\n  expect(res.body.error).to.eq('Invalid amount');\n});",
                  "err": {},
                  "uuid": "0a1d5254-81bb-43d5-953b-75ab5b9fa192",
                  "parentUUID": "b6a3e8c1-9518-4b2b-aa19-1c07835a3cd7",
                  "isHook": false,
                  "skipped": false
                },
                {
                  "title": "should fail when orderId does not exist in order-service",
                  "fullTitle": "🧾 Payment API - Functional Tests  Invalid Payment Scenarios should fail when orderId does not exist in order-service",
                  "timedOut": null,
                  "duration": 19,
                  "state": "passed",
                  "speed": "fast",
                  "pass": true,
                  "fail": false,
                  "pending": false,
                  "context": null,
                  "code": "const payload = {\n  orderId: 'o_fake_999',\n  amount: 100\n};\ncy.request({\n  method: 'POST',\n  url: endpoint,\n  body: payload,\n  failOnStatusCode: false\n}).then(res => {\n  expect(res.status).to.eq(404);\n  expect(res.body).to.have.property('error');\n  expect(res.body.error).to.eq('Order not found');\n});",
                  "err": {},
                  "uuid": "092fa542-393c-482d-9eb6-d886a8a11a1d",
                  "parentUUID": "b6a3e8c1-9518-4b2b-aa19-1c07835a3cd7",
                  "isHook": false,
                  "skipped": false
                }
              ],
              "suites": [],
              "passes": [
                "1fa9ec7b-fb13-47ec-8e29-320c4e091afb",
                "0a1d5254-81bb-43d5-953b-75ab5b9fa192",
                "092fa542-393c-482d-9eb6-d886a8a11a1d"
              ],
              "failures": [],
              "pending": [],
              "skipped": [],
              "duration": 51,
              "root": false,
              "rootEmpty": false,
              "_timeout": 2000
            }
          ],
          "passes": [],
          "failures": [],
          "pending": [],
          "skipped": [],
          "duration": 0,
          "root": false,
          "rootEmpty": false,
          "_timeout": 2000
        }
      ],
      "passes": [],
      "failures": [],
      "pending": [],
      "skipped": [],
      "duration": 0,
      "root": true,
      "rootEmpty": true,
      "_timeout": 2000
    }
  ],
  "meta": {
    "mocha": {
      "version": "7.0.1"
    },
    "mochawesome": {
      "options": {
        "quiet": false,
        "reportFilename": "mochawesome",
        "saveHtml": true,
        "saveJson": true,
        "consoleReporter": "spec",
        "useInlineDiffs": false,
        "code": true
      },
      "version": "7.1.4"
    },
    "marge": {
      "options": {
        "reportDir": "mochawesome-report",
        "overwrite": false,
        "html": true,
        "json": true
      },
      "version": "6.3.0"
    }
  }
}