{
  "stats": {
    "suites": 1,
    "tests": 3,
    "passes": 3,
    "pending": 0,
    "failures": 0,
    "start": "2026-01-13T11:24:19.334Z",
    "end": "2026-01-13T11:24:24.662Z",
    "duration": 5328,
    "testsRegistered": 3,
    "passPercent": 100,
    "pendingPercent": 0,
    "other": 0,
    "hasOther": false,
    "skipped": 0,
    "hasSkipped": false
  },
  "results": [
    {
      "uuid": "0f8319c2-5542-4438-b43a-b2e67c750524",
      "title": "",
      "fullFile": "cypress\\e2e\\order.cy.js",
      "file": "cypress\\e2e\\order.cy.js",
      "beforeHooks": [],
      "afterHooks": [],
      "tests": [],
      "suites": [
        {
          "uuid": "408e2684-2b05-453b-afd3-c8ef5cb712f9",
          "title": "Order Service API Tests",
          "fullFile": "",
          "file": "",
          "beforeHooks": [],
          "afterHooks": [],
          "tests": [
            {
              "title": "should fetch an existing order successfully",
              "fullTitle": "Order Service API Tests should fetch an existing order successfully",
              "timedOut": null,
              "duration": 95,
              "state": "passed",
              "speed": "fast",
              "pass": true,
              "fail": false,
              "pending": false,
              "context": null,
              "code": "cy.request(`${baseUrl}/api/order/o_12345`).then(response => {\n  expect(response.status).to.eq(200);\n  expect(response.body).to.have.property('order');\n  expect(response.body.order).to.have.property('orderId', 'o_12345');\n  expect(response.body.order.items).to.include('item1');\n});",
              "err": {},
              "uuid": "83189426-21ec-41f7-96c5-18a9ccbcaa11",
              "parentUUID": "408e2684-2b05-453b-afd3-c8ef5cb712f9",
              "isHook": false,
              "skipped": false
            },
            {
              "title": "should handle delayed orders (simulate 5s wait)",
              "fullTitle": "Order Service API Tests should handle delayed orders (simulate 5s wait)",
              "timedOut": null,
              "duration": 5047,
              "state": "passed",
              "speed": "medium",
              "pass": true,
              "fail": false,
              "pending": false,
              "context": null,
              "code": "cy.request(`${baseUrl}/api/order/o_slow`).then(response => {\n  expect(response.status).to.eq(200);\n  expect(response.body.order.orderId).to.eq('o_slow');\n});",
              "err": {},
              "uuid": "7093f80b-6cef-4ed0-9e44-d7913a879f75",
              "parentUUID": "408e2684-2b05-453b-afd3-c8ef5cb712f9",
              "isHook": false,
              "skipped": false
            },
            {
              "title": "should return 404 for non-existent order",
              "fullTitle": "Order Service API Tests should return 404 for non-existent order",
              "timedOut": null,
              "duration": 42,
              "state": "passed",
              "speed": "fast",
              "pass": true,
              "fail": false,
              "pending": false,
              "context": null,
              "code": "cy.request({\n  url: `${baseUrl}/api/order/o_notfound`,\n  failOnStatusCode: false\n}).then(response => {\n  expect(response.status).to.eq(404);\n  expect(response.body).to.have.property('error', 'Order not found');\n});",
              "err": {},
              "uuid": "fda9ff30-2493-45b4-bd3a-1b69966d7dd7",
              "parentUUID": "408e2684-2b05-453b-afd3-c8ef5cb712f9",
              "isHook": false,
              "skipped": false
            }
          ],
          "suites": [],
          "passes": [
            "83189426-21ec-41f7-96c5-18a9ccbcaa11",
            "7093f80b-6cef-4ed0-9e44-d7913a879f75",
            "fda9ff30-2493-45b4-bd3a-1b69966d7dd7"
          ],
          "failures": [],
          "pending": [],
          "skipped": [],
          "duration": 5184,
          "root": false,
          "rootEmpty": false,
          "_timeout": 2000
        }
      ],
      "passes": [],
      "failures": [],
      "pending": [],
      "skipped": [],
      "duration": 0,
      "root": true,
      "rootEmpty": true,
      "_timeout": 2000
    }
  ],
  "meta": {
    "mocha": {
      "version": "7.0.1"
    },
    "mochawesome": {
      "options": {
        "quiet": false,
        "reportFilename": "mochawesome",
        "saveHtml": true,
        "saveJson": true,
        "consoleReporter": "spec",
        "useInlineDiffs": false,
        "code": true
      },
      "version": "7.1.4"
    },
    "marge": {
      "options": {
        "reportDir": "mochawesome-report",
        "overwrite": false,
        "html": true,
        "json": true
      },
      "version": "6.3.0"
    }
  }
}