{
  "stats": {
    "suites": 3,
    "tests": 4,
    "passes": 4,
    "pending": 0,
    "failures": 0,
    "start": "2026-01-14T06:06:40.286Z",
    "end": "2026-01-14T06:06:40.488Z",
    "duration": 202,
    "testsRegistered": 4,
    "passPercent": 100,
    "pendingPercent": 0,
    "other": 0,
    "hasOther": false,
    "skipped": 0,
    "hasSkipped": false
  },
  "results": [
    {
      "uuid": "9922a07d-6e5c-4685-abce-1fbfec2da4f7",
      "title": "",
      "fullFile": "cypress\\e2e\\pay.cy.js",
      "file": "cypress\\e2e\\pay.cy.js",
      "beforeHooks": [],
      "afterHooks": [],
      "tests": [],
      "suites": [
        {
          "uuid": "7e8dc022-4e69-4d56-a280-dab67e35f4df",
          "title": "🧾 Payment API - Functional Tests",
          "fullFile": "",
          "file": "",
          "beforeHooks": [],
          "afterHooks": [],
          "tests": [],
          "suites": [
            {
              "uuid": "ae04e499-9d24-47a5-8798-f1808dc9c03b",
              "title": " Valid Payment Flow",
              "fullFile": "",
              "file": "",
              "beforeHooks": [],
              "afterHooks": [],
              "tests": [
                {
                  "title": "should process a valid payment request",
                  "fullTitle": "🧾 Payment API - Functional Tests  Valid Payment Flow should process a valid payment request",
                  "timedOut": null,
                  "duration": 79,
                  "state": "passed",
                  "speed": "fast",
                  "pass": true,
                  "fail": false,
                  "pending": false,
                  "context": null,
                  "code": "const payload = {\n  orderId: 'o_12345',\n  amount: 100\n};\ncy.request({\n  method: 'POST',\n  url: endpoint,\n  body: payload\n}).then(res => {\n  expect(res.status).to.eq(200);\n  expect(res.body).to.have.property('status', 'SUCCESS');\n  expect(res.body).to.have.property('message');\n  expect(res.body.message).to.eq('Payment processed');\n});",
                  "err": {},
                  "uuid": "31e5962b-b372-4a3c-b85f-eb2a44818b20",
                  "parentUUID": "ae04e499-9d24-47a5-8798-f1808dc9c03b",
                  "isHook": false,
                  "skipped": false
                }
              ],
              "suites": [],
              "passes": [
                "31e5962b-b372-4a3c-b85f-eb2a44818b20"
              ],
              "failures": [],
              "pending": [],
              "skipped": [],
              "duration": 79,
              "root": false,
              "rootEmpty": false,
              "_timeout": 2000
            },
            {
              "uuid": "8040cf50-7846-43ac-ba62-5c135df6ad82",
              "title": " Invalid Payment Scenarios",
              "fullFile": "",
              "file": "",
              "beforeHooks": [],
              "afterHooks": [],
              "tests": [
                {
                  "title": "should fail when orderId is missing",
                  "fullTitle": "🧾 Payment API - Functional Tests  Invalid Payment Scenarios should fail when orderId is missing",
                  "timedOut": null,
                  "duration": 19,
                  "state": "passed",
                  "speed": "fast",
                  "pass": true,
                  "fail": false,
                  "pending": false,
                  "context": null,
                  "code": "const payload = {\n  amount: 100\n};\ncy.request({\n  method: 'POST',\n  url: endpoint,\n  body: payload,\n  failOnStatusCode: false\n}).then(res => {\n  expect(res.status).to.be.oneOf([400, 404]);\n});",
                  "err": {},
                  "uuid": "202ce1c0-6453-4052-b5a1-12c56adc0bed",
                  "parentUUID": "8040cf50-7846-43ac-ba62-5c135df6ad82",
                  "isHook": false,
                  "skipped": false
                },
                {
                  "title": "should fail when amount is negative",
                  "fullTitle": "🧾 Payment API - Functional Tests  Invalid Payment Scenarios should fail when amount is negative",
                  "timedOut": null,
                  "duration": 16,
                  "state": "passed",
                  "speed": "fast",
                  "pass": true,
                  "fail": false,
                  "pending": false,
                  "context": null,
                  "code": "const payload = {\n  orderId: 'o_12345',\n  amount: -50\n};\ncy.request({\n  method: 'POST',\n  url: endpoint,\n  body: payload,\n  failOnStatusCode: false\n}).then(res => {\n  expect(res.status).to.be.oneOf([400, 404]);\n});",
                  "err": {},
                  "uuid": "eb58ce7c-db0a-42ab-b218-8ddb5aae6b2e",
                  "parentUUID": "8040cf50-7846-43ac-ba62-5c135df6ad82",
                  "isHook": false,
                  "skipped": false
                },
                {
                  "title": "should fail when orderId does not exist in order-service",
                  "fullTitle": "🧾 Payment API - Functional Tests  Invalid Payment Scenarios should fail when orderId does not exist in order-service",
                  "timedOut": null,
                  "duration": 19,
                  "state": "passed",
                  "speed": "fast",
                  "pass": true,
                  "fail": false,
                  "pending": false,
                  "context": null,
                  "code": "const payload = {\n  orderId: 'o_fake_999',\n  amount: 100\n};\ncy.request({\n  method: 'POST',\n  url: endpoint,\n  body: payload,\n  failOnStatusCode: false\n}).then(res => {\n  expect(res.status).to.eq(404);\n  expect(res.body).to.have.property('error');\n});",
                  "err": {},
                  "uuid": "2c5d5b1f-fead-4336-9b4c-a611b5f0ddc3",
                  "parentUUID": "8040cf50-7846-43ac-ba62-5c135df6ad82",
                  "isHook": false,
                  "skipped": false
                }
              ],
              "suites": [],
              "passes": [
                "202ce1c0-6453-4052-b5a1-12c56adc0bed",
                "eb58ce7c-db0a-42ab-b218-8ddb5aae6b2e",
                "2c5d5b1f-fead-4336-9b4c-a611b5f0ddc3"
              ],
              "failures": [],
              "pending": [],
              "skipped": [],
              "duration": 54,
              "root": false,
              "rootEmpty": false,
              "_timeout": 2000
            }
          ],
          "passes": [],
          "failures": [],
          "pending": [],
          "skipped": [],
          "duration": 0,
          "root": false,
          "rootEmpty": false,
          "_timeout": 2000
        }
      ],
      "passes": [],
      "failures": [],
      "pending": [],
      "skipped": [],
      "duration": 0,
      "root": true,
      "rootEmpty": true,
      "_timeout": 2000
    }
  ],
  "meta": {
    "mocha": {
      "version": "7.0.1"
    },
    "mochawesome": {
      "options": {
        "quiet": false,
        "reportFilename": "mochawesome",
        "saveHtml": true,
        "saveJson": true,
        "consoleReporter": "spec",
        "useInlineDiffs": false,
        "code": true
      },
      "version": "7.1.4"
    },
    "marge": {
      "options": {
        "reportDir": "mochawesome-report",
        "overwrite": false,
        "html": true,
        "json": true
      },
      "version": "6.3.0"
    }
  }
}