{
  "stats": {
    "suites": 1,
    "tests": 1,
    "passes": 0,
    "pending": 0,
    "failures": 1,
    "start": "2026-01-13T08:19:58.777Z",
    "end": "2026-01-13T08:19:59.062Z",
    "duration": 285,
    "testsRegistered": 1,
    "passPercent": 0,
    "pendingPercent": 0,
    "other": 0,
    "hasOther": false,
    "skipped": 0,
    "hasSkipped": false
  },
  "results": [
    {
      "uuid": "0a718a65-c68a-4f32-a2a4-48444da2a87a",
      "title": "",
      "fullFile": "cypress\\e2e\\pay.cy.js",
      "file": "cypress\\e2e\\pay.cy.js",
      "beforeHooks": [],
      "afterHooks": [],
      "tests": [],
      "suites": [
        {
          "uuid": "a72da054-6b81-43ce-8df0-ac65b2b625a1",
          "title": "Payment Flow with POM",
          "fullFile": "",
          "file": "",
          "beforeHooks": [],
          "afterHooks": [],
          "tests": [
            {
              "title": "should process a valid payment",
              "fullTitle": "Payment Flow with POM should process a valid payment",
              "timedOut": null,
              "duration": 233,
              "state": "failed",
              "speed": null,
              "pass": false,
              "fail": true,
              "pending": false,
              "context": null,
              "code": "_PaymentPage.paymentPage.submitPayment('o_12345', '100');\n_PaymentPage.paymentPage.verifySuccess();",
              "err": {
                "message": "CypressError: `cy.visit()` failed trying to load:\n\nhttp://localhost:3010/payment-form.html\n\nThe response we received from your web server was:\n\n  > 404: Not Found\n\nThis was considered a failure because the status code was not `2xx`.\n\nIf you do not want status codes to cause failures pass the option: `failOnStatusCode: false`\n\nBecause this error occurred during a `before each` hook we are skipping the remaining tests in the current suite: `Payment Flow with POM`",
                "estack": "CypressError: `cy.visit()` failed trying to load:\n\nhttp://localhost:3010/payment-form.html\n\nThe response we received from your web server was:\n\n  > 404: Not Found\n\nThis was considered a failure because the status code was not `2xx`.\n\nIf you do not want status codes to cause failures pass the option: `failOnStatusCode: false`\n\nBecause this error occurred during a `before each` hook we are skipping the remaining tests in the current suite: `Payment Flow with POM`\n    at <unknown> (http://localhost:3010/__cypress/runner/cypress_runner.js:131591:76)\n    at visitFailedByErr (http://localhost:3010/__cypress/runner/cypress_runner.js:131006:12)\n    at <unknown> (http://localhost:3010/__cypress/runner/cypress_runner.js:131574:13)\n    at tryCatcher (http://localhost:3010/__cypress/runner/cypress_runner.js:1830:23)\n    at Promise._settlePromiseFromHandler (http://localhost:3010/__cypress/runner/cypress_runner.js:1542:31)\n    at Promise._settlePromise (http://localhost:3010/__cypress/runner/cypress_runner.js:1599:18)\n    at Promise._settlePromise0 (http://localhost:3010/__cypress/runner/cypress_runner.js:1644:10)\n    at Promise._settlePromises (http://localhost:3010/__cypress/runner/cypress_runner.js:1720:18)\n    at _drainQueueStep (http://localhost:3010/__cypress/runner/cypress_runner.js:2430:12)\n    at _drainQueue (http://localhost:3010/__cypress/runner/cypress_runner.js:2423:9)\n    at Async._drainQueues (http://localhost:3010/__cypress/runner/cypress_runner.js:2439:5)\n    at Async.drainQueues (http://localhost:3010/__cypress/runner/cypress_runner.js:2309:14)\nFrom Your Spec Code:\n    at PaymentPage.visit (webpack://smart-order-qa-platform/./cypress/support/pages/PaymentPage.js:10:7)\n    at Context.eval (webpack://smart-order-qa-platform/./cypress/e2e/pay.cy.js:5:16)",
                "diff": null
              },
              "uuid": "33852554-f6b1-4539-9a96-c25834c47af2",
              "parentUUID": "a72da054-6b81-43ce-8df0-ac65b2b625a1",
              "isHook": false,
              "skipped": false
            }
          ],
          "suites": [],
          "passes": [],
          "failures": [
            "33852554-f6b1-4539-9a96-c25834c47af2"
          ],
          "pending": [],
          "skipped": [],
          "duration": 233,
          "root": false,
          "rootEmpty": false,
          "_timeout": 2000
        }
      ],
      "passes": [],
      "failures": [],
      "pending": [],
      "skipped": [],
      "duration": 0,
      "root": true,
      "rootEmpty": true,
      "_timeout": 2000
    }
  ],
  "meta": {
    "mocha": {
      "version": "7.0.1"
    },
    "mochawesome": {
      "options": {
        "quiet": false,
        "reportFilename": "mochawesome",
        "saveHtml": true,
        "saveJson": true,
        "consoleReporter": "spec",
        "useInlineDiffs": false,
        "code": true
      },
      "version": "7.1.4"
    },
    "marge": {
      "options": {
        "reportDir": "mochawesome-report",
        "overwrite": false,
        "html": true,
        "json": true
      },
      "version": "6.3.0"
    }
  }
}