{
  "stats": {
    "suites": 1,
    "tests": 3,
    "passes": 3,
    "pending": 0,
    "failures": 0,
    "start": "2026-01-14T06:08:48.653Z",
    "end": "2026-01-14T06:08:53.541Z",
    "duration": 4888,
    "testsRegistered": 3,
    "passPercent": 100,
    "pendingPercent": 0,
    "other": 0,
    "hasOther": false,
    "skipped": 0,
    "hasSkipped": false
  },
  "results": [
    {
      "uuid": "cefd3426-37cc-4cfb-a8f1-477487b1f6f8",
      "title": "",
      "fullFile": "cypress\\e2e\\pay-ui.cy.js",
      "file": "cypress\\e2e\\pay-ui.cy.js",
      "beforeHooks": [],
      "afterHooks": [],
      "tests": [],
      "suites": [
        {
          "uuid": "6b5d30a1-3904-481c-b2d3-7da7d453e58f",
          "title": "Payment Form UI Test",
          "fullFile": "",
          "file": "",
          "beforeHooks": [],
          "afterHooks": [],
          "tests": [
            {
              "title": "should submit valid payment and show success message",
              "fullTitle": "Payment Form UI Test should submit valid payment and show success message",
              "timedOut": null,
              "duration": 1287,
              "state": "passed",
              "speed": "fast",
              "pass": true,
              "fail": false,
              "pending": false,
              "context": null,
              "code": "cy.get('#orderId').type('o_12345');\ncy.get('#amount').type('100');\ncy.get('button[type=\"submit\"]').click();\ncy.get('#result', {\n  timeout: 5000\n}).should('contain.text', 'SUCCESS');\ncy.screenshot('valid-payment-success');",
              "err": {},
              "uuid": "001bd549-b433-460b-a711-31c745742af4",
              "parentUUID": "6b5d30a1-3904-481c-b2d3-7da7d453e58f",
              "isHook": false,
              "skipped": false
            },
            {
              "title": "should show error for invalid orderId",
              "fullTitle": "Payment Form UI Test should show error for invalid orderId",
              "timedOut": null,
              "duration": 809,
              "state": "passed",
              "speed": "fast",
              "pass": true,
              "fail": false,
              "pending": false,
              "context": null,
              "code": "cy.get('#orderId').type('💣💥🔥');\ncy.get('#amount').type('100');\ncy.get('button[type=\"submit\"]').click();\ncy.get('#result', {\n  timeout: 5000\n}).should('contain.text', 'FAILED');\ncy.screenshot('invalid-orderId-error');",
              "err": {},
              "uuid": "02b85964-13a1-4e4f-8c8b-c378aedacf0a",
              "parentUUID": "6b5d30a1-3904-481c-b2d3-7da7d453e58f",
              "isHook": false,
              "skipped": false
            },
            {
              "title": "should show error for amount mismatch",
              "fullTitle": "Payment Form UI Test should show error for amount mismatch",
              "timedOut": null,
              "duration": 800,
              "state": "passed",
              "speed": "fast",
              "pass": true,
              "fail": false,
              "pending": false,
              "context": null,
              "code": "cy.get('#orderId').type('o_12345');\ncy.get('#amount').type('999');\ncy.get('button[type=\"submit\"]').click();\ncy.get('#result', {\n  timeout: 5000\n}).should('contain.text', 'FAILED');\ncy.screenshot('amount-mismatch-error');",
              "err": {},
              "uuid": "d3a0ddaa-8939-49f3-a01a-d39439cc9312",
              "parentUUID": "6b5d30a1-3904-481c-b2d3-7da7d453e58f",
              "isHook": false,
              "skipped": false
            }
          ],
          "suites": [],
          "passes": [
            "001bd549-b433-460b-a711-31c745742af4",
            "02b85964-13a1-4e4f-8c8b-c378aedacf0a",
            "d3a0ddaa-8939-49f3-a01a-d39439cc9312"
          ],
          "failures": [],
          "pending": [],
          "skipped": [],
          "duration": 2896,
          "root": false,
          "rootEmpty": false,
          "_timeout": 2000
        }
      ],
      "passes": [],
      "failures": [],
      "pending": [],
      "skipped": [],
      "duration": 0,
      "root": true,
      "rootEmpty": true,
      "_timeout": 2000
    }
  ],
  "meta": {
    "mocha": {
      "version": "7.0.1"
    },
    "mochawesome": {
      "options": {
        "quiet": false,
        "reportFilename": "mochawesome",
        "saveHtml": true,
        "saveJson": true,
        "consoleReporter": "spec",
        "useInlineDiffs": false,
        "code": true
      },
      "version": "7.1.4"
    },
    "marge": {
      "options": {
        "reportDir": "mochawesome-report",
        "overwrite": false,
        "html": true,
        "json": true
      },
      "version": "6.3.0"
    }
  }
}