{
  "stats": {
    "suites": 4,
    "tests": 6,
    "passes": 6,
    "pending": 0,
    "failures": 0,
    "start": "2026-01-14T06:17:02.537Z",
    "end": "2026-01-14T06:17:02.777Z",
    "duration": 240,
    "testsRegistered": 6,
    "passPercent": 100,
    "pendingPercent": 0,
    "other": 0,
    "hasOther": false,
    "skipped": 0,
    "hasSkipped": false
  },
  "results": [
    {
      "uuid": "f4cff72f-d9a0-4098-a269-1d5d32228de5",
      "title": "",
      "fullFile": "cypress\\e2e\\pay-security.cy.js",
      "file": "cypress\\e2e\\pay-security.cy.js",
      "beforeHooks": [],
      "afterHooks": [],
      "tests": [],
      "suites": [
        {
          "uuid": "f38fbfce-5649-483b-8ae2-b856168474ef",
          "title": "Payment API - Security and Injection Tests",
          "fullFile": "",
          "file": "",
          "beforeHooks": [],
          "afterHooks": [],
          "tests": [],
          "suites": [
            {
              "uuid": "bd82a3c5-f2fc-4ee4-a8fa-114495e1e2fe",
              "title": "Invalid orderId values",
              "fullFile": "",
              "file": "",
              "beforeHooks": [],
              "afterHooks": [],
              "tests": [
                {
                  "title": "should reject SQL-like injection",
                  "fullTitle": "Payment API - Security and Injection Tests Invalid orderId values should reject SQL-like injection",
                  "timedOut": null,
                  "duration": 44,
                  "state": "passed",
                  "speed": "fast",
                  "pass": true,
                  "fail": false,
                  "pending": false,
                  "context": null,
                  "code": "cy.request({\n  method: 'POST',\n  url: endpoint,\n  body: {\n    orderId: \"' OR 1=1 --\",\n    amount: 100\n  },\n  failOnStatusCode: false\n}).then(res => {\n  // تایید اینکه استاتوس کد یا 400 است یا 404\n  expect(res.status).to.be.oneOf([400, 404]);\n  expect(res.body.status).to.eq('FAILED');\n  expect(res.body).to.have.property('error', 'Invalid orderId');\n});",
                  "err": {},
                  "uuid": "73253477-beaf-40f1-b2d7-766085f10441",
                  "parentUUID": "bd82a3c5-f2fc-4ee4-a8fa-114495e1e2fe",
                  "isHook": false,
                  "skipped": false
                },
                {
                  "title": "should reject Unicode injection",
                  "fullTitle": "Payment API - Security and Injection Tests Invalid orderId values should reject Unicode injection",
                  "timedOut": null,
                  "duration": 19,
                  "state": "passed",
                  "speed": "fast",
                  "pass": true,
                  "fail": false,
                  "pending": false,
                  "context": null,
                  "code": "cy.request({\n  method: 'POST',\n  url: endpoint,\n  body: {\n    orderId: '💣💥🔥',\n    amount: 100\n  },\n  failOnStatusCode: false\n}).then(res => {\n  expect(res.status).to.be.oneOf([400, 404]);\n  expect(res.body.status).to.eq('FAILED');\n  expect(res.body).to.have.property('error', 'Invalid orderId');\n});",
                  "err": {},
                  "uuid": "0c13e04c-a8bc-4a83-8af1-2c5b5f42981f",
                  "parentUUID": "bd82a3c5-f2fc-4ee4-a8fa-114495e1e2fe",
                  "isHook": false,
                  "skipped": false
                },
                {
                  "title": "should reject excessive whitespace",
                  "fullTitle": "Payment API - Security and Injection Tests Invalid orderId values should reject excessive whitespace",
                  "timedOut": null,
                  "duration": 18,
                  "state": "passed",
                  "speed": "fast",
                  "pass": true,
                  "fail": false,
                  "pending": false,
                  "context": null,
                  "code": "cy.request({\n  method: 'POST',\n  url: endpoint,\n  body: {\n    orderId: ' '.repeat(500),\n    amount: 100\n  },\n  failOnStatusCode: false\n}).then(res => {\n  expect(res.status).to.be.oneOf([400, 404]);\n  expect(res.body.status).to.eq('FAILED');\n  expect(res.body).to.have.property('error', 'Invalid orderId');\n});",
                  "err": {},
                  "uuid": "30165831-6a86-4bd1-bb7e-c706673a0232",
                  "parentUUID": "bd82a3c5-f2fc-4ee4-a8fa-114495e1e2fe",
                  "isHook": false,
                  "skipped": false
                }
              ],
              "suites": [],
              "passes": [
                "73253477-beaf-40f1-b2d7-766085f10441",
                "0c13e04c-a8bc-4a83-8af1-2c5b5f42981f",
                "30165831-6a86-4bd1-bb7e-c706673a0232"
              ],
              "failures": [],
              "pending": [],
              "skipped": [],
              "duration": 81,
              "root": false,
              "rootEmpty": false,
              "_timeout": 2000
            },
            {
              "uuid": "22ccecda-ad04-45ec-9031-a6e17c7072ea",
              "title": "Invalid amount values",
              "fullFile": "",
              "file": "",
              "beforeHooks": [],
              "afterHooks": [],
              "tests": [
                {
                  "title": "should reject script injection in amount",
                  "fullTitle": "Payment API - Security and Injection Tests Invalid amount values should reject script injection in amount",
                  "timedOut": null,
                  "duration": 17,
                  "state": "passed",
                  "speed": "fast",
                  "pass": true,
                  "fail": false,
                  "pending": false,
                  "context": null,
                  "code": "cy.request({\n  method: 'POST',\n  url: endpoint,\n  body: {\n    orderId: 'o_12345',\n    amount: \"<script>100</script>\"\n  },\n  failOnStatusCode: false\n}).then(res => {\n  expect(res.status).to.be.oneOf([400, 404]);\n  expect(res.body.status).to.eq('FAILED');\n  expect(res.body).to.have.property('error', 'Invalid amount');\n});",
                  "err": {},
                  "uuid": "d3caae96-a33b-42ac-b758-664abdcdb637",
                  "parentUUID": "22ccecda-ad04-45ec-9031-a6e17c7072ea",
                  "isHook": false,
                  "skipped": false
                },
                {
                  "title": "should reject excessively large amount",
                  "fullTitle": "Payment API - Security and Injection Tests Invalid amount values should reject excessively large amount",
                  "timedOut": null,
                  "duration": 17,
                  "state": "passed",
                  "speed": "fast",
                  "pass": true,
                  "fail": false,
                  "pending": false,
                  "context": null,
                  "code": "cy.request({\n  method: 'POST',\n  url: endpoint,\n  body: {\n    orderId: 'o_12345',\n    amount: 1e12\n  },\n  failOnStatusCode: false\n}).then(res => {\n  expect(res.status).to.be.oneOf([400, 404]);\n  expect(res.body.status).to.eq('FAILED');\n  expect(res.body).to.have.property('error', 'Invalid amount');\n});",
                  "err": {},
                  "uuid": "938f7f92-4eac-4d41-92a2-295c3e4ca9f3",
                  "parentUUID": "22ccecda-ad04-45ec-9031-a6e17c7072ea",
                  "isHook": false,
                  "skipped": false
                }
              ],
              "suites": [],
              "passes": [
                "d3caae96-a33b-42ac-b758-664abdcdb637",
                "938f7f92-4eac-4d41-92a2-295c3e4ca9f3"
              ],
              "failures": [],
              "pending": [],
              "skipped": [],
              "duration": 34,
              "root": false,
              "rootEmpty": false,
              "_timeout": 2000
            },
            {
              "uuid": "bbacc011-42f0-4352-a240-f51e2672a606",
              "title": "Combined malformed payloads",
              "fullFile": "",
              "file": "",
              "beforeHooks": [],
              "afterHooks": [],
              "tests": [
                {
                  "title": "should reject mixed invalid orderId and amount",
                  "fullTitle": "Payment API - Security and Injection Tests Combined malformed payloads should reject mixed invalid orderId and amount",
                  "timedOut": null,
                  "duration": 16,
                  "state": "passed",
                  "speed": "fast",
                  "pass": true,
                  "fail": false,
                  "pending": false,
                  "context": null,
                  "code": "cy.request({\n  method: 'POST',\n  url: endpoint,\n  body: {\n    orderId: '<script>alert(1)</script>',\n    amount: 'NaN'\n  },\n  failOnStatusCode: false\n}).then(res => {\n  expect(res.status).to.be.oneOf([400, 404]);\n  expect(res.body.status).to.eq('FAILED');\n});",
                  "err": {},
                  "uuid": "ed87edc1-6611-4a9b-bc4d-e522b3775cfd",
                  "parentUUID": "bbacc011-42f0-4352-a240-f51e2672a606",
                  "isHook": false,
                  "skipped": false
                }
              ],
              "suites": [],
              "passes": [
                "ed87edc1-6611-4a9b-bc4d-e522b3775cfd"
              ],
              "failures": [],
              "pending": [],
              "skipped": [],
              "duration": 16,
              "root": false,
              "rootEmpty": false,
              "_timeout": 2000
            }
          ],
          "passes": [],
          "failures": [],
          "pending": [],
          "skipped": [],
          "duration": 0,
          "root": false,
          "rootEmpty": false,
          "_timeout": 2000
        }
      ],
      "passes": [],
      "failures": [],
      "pending": [],
      "skipped": [],
      "duration": 0,
      "root": true,
      "rootEmpty": true,
      "_timeout": 2000
    }
  ],
  "meta": {
    "mocha": {
      "version": "7.0.1"
    },
    "mochawesome": {
      "options": {
        "quiet": false,
        "reportFilename": "mochawesome",
        "saveHtml": true,
        "saveJson": true,
        "consoleReporter": "spec",
        "useInlineDiffs": false,
        "code": true
      },
      "version": "7.1.4"
    },
    "marge": {
      "options": {
        "reportDir": "mochawesome-report",
        "overwrite": false,
        "html": true,
        "json": true
      },
      "version": "6.3.0"
    }
  }
}