{
  "stats": {
    "suites": 1,
    "tests": 3,
    "passes": 3,
    "pending": 0,
    "failures": 0,
    "start": "2026-01-13T08:19:35.798Z",
    "end": "2026-01-13T08:19:40.975Z",
    "duration": 5177,
    "testsRegistered": 3,
    "passPercent": 100,
    "pendingPercent": 0,
    "other": 0,
    "hasOther": false,
    "skipped": 0,
    "hasSkipped": false
  },
  "results": [
    {
      "uuid": "d465fad5-b94a-4683-afbd-d1f1a53e7812",
      "title": "",
      "fullFile": "cypress\\e2e\\order.cy.js",
      "file": "cypress\\e2e\\order.cy.js",
      "beforeHooks": [],
      "afterHooks": [],
      "tests": [],
      "suites": [
        {
          "uuid": "b654e107-0716-47ab-af39-7139b8f24eba",
          "title": "Order Service API Tests",
          "fullFile": "",
          "file": "",
          "beforeHooks": [],
          "afterHooks": [],
          "tests": [
            {
              "title": "should fetch an existing order successfully",
              "fullTitle": "Order Service API Tests should fetch an existing order successfully",
              "timedOut": null,
              "duration": 61,
              "state": "passed",
              "speed": "fast",
              "pass": true,
              "fail": false,
              "pending": false,
              "context": null,
              "code": "cy.request(`${baseUrl}/api/order/o_12345`).then(response => {\n  expect(response.status).to.eq(200);\n  expect(response.body).to.have.property('order');\n  expect(response.body.order).to.have.property('orderId', 'o_12345');\n  expect(response.body.order.items).to.include('item1');\n});",
              "err": {},
              "uuid": "2378778b-0c26-43be-8bcc-b066c9546e7d",
              "parentUUID": "b654e107-0716-47ab-af39-7139b8f24eba",
              "isHook": false,
              "skipped": false
            },
            {
              "title": "should handle delayed orders (simulate 5s wait)",
              "fullTitle": "Order Service API Tests should handle delayed orders (simulate 5s wait)",
              "timedOut": null,
              "duration": 5034,
              "state": "passed",
              "speed": "medium",
              "pass": true,
              "fail": false,
              "pending": false,
              "context": null,
              "code": "cy.request(`${baseUrl}/api/order/o_slow`).then(response => {\n  expect(response.status).to.eq(200);\n  expect(response.body.order.orderId).to.eq('o_slow');\n});",
              "err": {},
              "uuid": "36980425-3e53-409b-92f4-2ea9ce2e52b5",
              "parentUUID": "b654e107-0716-47ab-af39-7139b8f24eba",
              "isHook": false,
              "skipped": false
            },
            {
              "title": "should return 404 for non-existent order",
              "fullTitle": "Order Service API Tests should return 404 for non-existent order",
              "timedOut": null,
              "duration": 25,
              "state": "passed",
              "speed": "fast",
              "pass": true,
              "fail": false,
              "pending": false,
              "context": null,
              "code": "cy.request({\n  url: `${baseUrl}/api/order/o_notfound`,\n  failOnStatusCode: false\n}).then(response => {\n  expect(response.status).to.eq(404);\n  expect(response.body).to.have.property('error', 'Order not found');\n});",
              "err": {},
              "uuid": "fef0bc23-f1af-49ec-bd1f-9e0dd26aba2e",
              "parentUUID": "b654e107-0716-47ab-af39-7139b8f24eba",
              "isHook": false,
              "skipped": false
            }
          ],
          "suites": [],
          "passes": [
            "2378778b-0c26-43be-8bcc-b066c9546e7d",
            "36980425-3e53-409b-92f4-2ea9ce2e52b5",
            "fef0bc23-f1af-49ec-bd1f-9e0dd26aba2e"
          ],
          "failures": [],
          "pending": [],
          "skipped": [],
          "duration": 5120,
          "root": false,
          "rootEmpty": false,
          "_timeout": 2000
        }
      ],
      "passes": [],
      "failures": [],
      "pending": [],
      "skipped": [],
      "duration": 0,
      "root": true,
      "rootEmpty": true,
      "_timeout": 2000
    }
  ],
  "meta": {
    "mocha": {
      "version": "7.0.1"
    },
    "mochawesome": {
      "options": {
        "quiet": false,
        "reportFilename": "mochawesome",
        "saveHtml": true,
        "saveJson": true,
        "consoleReporter": "spec",
        "useInlineDiffs": false,
        "code": true
      },
      "version": "7.1.4"
    },
    "marge": {
      "options": {
        "reportDir": "mochawesome-report",
        "overwrite": false,
        "html": true,
        "json": true
      },
      "version": "6.3.0"
    }
  }
}