{
  "stats": {
    "suites": 1,
    "tests": 3,
    "passes": 3,
    "pending": 0,
    "failures": 0,
    "start": "2026-01-14T04:07:53.397Z",
    "end": "2026-01-14T04:07:58.575Z",
    "duration": 5178,
    "testsRegistered": 3,
    "passPercent": 100,
    "pendingPercent": 0,
    "other": 0,
    "hasOther": false,
    "skipped": 0,
    "hasSkipped": false
  },
  "results": [
    {
      "uuid": "89133101-95a9-4053-8588-e06dd5ce6322",
      "title": "",
      "fullFile": "cypress\\e2e\\order.cy.js",
      "file": "cypress\\e2e\\order.cy.js",
      "beforeHooks": [],
      "afterHooks": [],
      "tests": [],
      "suites": [
        {
          "uuid": "dae47407-cbeb-4ce4-bd59-d932a3f69423",
          "title": "Order Service API Tests",
          "fullFile": "",
          "file": "",
          "beforeHooks": [],
          "afterHooks": [],
          "tests": [
            {
              "title": "should fetch an existing order successfully",
              "fullTitle": "Order Service API Tests should fetch an existing order successfully",
              "timedOut": null,
              "duration": 59,
              "state": "passed",
              "speed": "fast",
              "pass": true,
              "fail": false,
              "pending": false,
              "context": null,
              "code": "cy.request(`${baseUrl}/api/order/o_12345`).then(response => {\n  expect(response.status).to.eq(200);\n  expect(response.body).to.have.property('order');\n  expect(response.body.order).to.have.property('orderId', 'o_12345');\n  expect(response.body.order.items).to.include('item1');\n});",
              "err": {},
              "uuid": "882b10b4-e368-47e7-8014-6c45782cb750",
              "parentUUID": "dae47407-cbeb-4ce4-bd59-d932a3f69423",
              "isHook": false,
              "skipped": false
            },
            {
              "title": "should handle delayed orders (simulate 5s wait)",
              "fullTitle": "Order Service API Tests should handle delayed orders (simulate 5s wait)",
              "timedOut": null,
              "duration": 5044,
              "state": "passed",
              "speed": "medium",
              "pass": true,
              "fail": false,
              "pending": false,
              "context": null,
              "code": "cy.request(`${baseUrl}/api/order/o_slow`).then(response => {\n  expect(response.status).to.eq(200);\n  expect(response.body.order.orderId).to.eq('o_slow');\n});",
              "err": {},
              "uuid": "ebd97cdc-178a-4c75-902e-785ac0634bcb",
              "parentUUID": "dae47407-cbeb-4ce4-bd59-d932a3f69423",
              "isHook": false,
              "skipped": false
            },
            {
              "title": "should return 404 for non-existent order",
              "fullTitle": "Order Service API Tests should return 404 for non-existent order",
              "timedOut": null,
              "duration": 19,
              "state": "passed",
              "speed": "fast",
              "pass": true,
              "fail": false,
              "pending": false,
              "context": null,
              "code": "cy.request({\n  url: `${baseUrl}/api/order/o_notfound`,\n  failOnStatusCode: false\n}).then(response => {\n  expect(response.status).to.eq(404);\n  expect(response.body).to.have.property('error', 'Order not found');\n});",
              "err": {},
              "uuid": "8c98d73a-0130-4c2f-bc8f-70455502e42f",
              "parentUUID": "dae47407-cbeb-4ce4-bd59-d932a3f69423",
              "isHook": false,
              "skipped": false
            }
          ],
          "suites": [],
          "passes": [
            "882b10b4-e368-47e7-8014-6c45782cb750",
            "ebd97cdc-178a-4c75-902e-785ac0634bcb",
            "8c98d73a-0130-4c2f-bc8f-70455502e42f"
          ],
          "failures": [],
          "pending": [],
          "skipped": [],
          "duration": 5122,
          "root": false,
          "rootEmpty": false,
          "_timeout": 2000
        }
      ],
      "passes": [],
      "failures": [],
      "pending": [],
      "skipped": [],
      "duration": 0,
      "root": true,
      "rootEmpty": true,
      "_timeout": 2000
    }
  ],
  "meta": {
    "mocha": {
      "version": "7.0.1"
    },
    "mochawesome": {
      "options": {
        "quiet": false,
        "reportFilename": "mochawesome",
        "saveHtml": true,
        "saveJson": true,
        "consoleReporter": "spec",
        "useInlineDiffs": false,
        "code": true
      },
      "version": "7.1.4"
    },
    "marge": {
      "options": {
        "reportDir": "mochawesome-report",
        "overwrite": false,
        "html": true,
        "json": true
      },
      "version": "6.3.0"
    }
  }
}